have_library: checking for tgetent() in -ltinfo... -------------------- no

"gcc -o conftest -I../../.ext/include/x86_64-darwin11.3.0 -I../.././include -I../.././ext/curses -I'/Users/tim/.rbenv/versions/1.9.3-probes/include'  -D_XOPEN_SOURCE -D_DARWIN_C_SOURCE  -I'/Users/tim/.rbenv/versions/1.9.3-probes/include'   -O3 -ggdb -Wextra -Wno-unused-parameter -Wno-parentheses -Wno-long-long -Wno-missing-field-initializers -Wpointer-arith -Wwrite-strings -Wdeclaration-after-statement -Wshorten-64-to-32 -Wimplicit-function-declaration  -pipe conftest.c  -L. -L../.. -L. -L'/Users/tim/.rbenv/versions/1.9.3-probes/lib'  -L/usr/local/lib     -lruby-static -ltinfo  -lpthread -ldl -lobjc "
conftest.c: In function ‘t’:
conftest.c:5: error: ‘tgetent’ undeclared (first use in this function)
conftest.c:5: error: (Each undeclared identifier is reported only once
conftest.c:5: error: for each function it appears in.)
checked program was:
/* begin */
1: #include "ruby.h"
2: 
3: /*top*/
4: int main() {return 0;}
5: int t() { void ((*volatile p)()); p = (void ((*)()))tgetent; return 0; }
/* end */

"gcc -o conftest -I../../.ext/include/x86_64-darwin11.3.0 -I../.././include -I../.././ext/curses -I'/Users/tim/.rbenv/versions/1.9.3-probes/include'  -D_XOPEN_SOURCE -D_DARWIN_C_SOURCE  -I'/Users/tim/.rbenv/versions/1.9.3-probes/include'   -O3 -ggdb -Wextra -Wno-unused-parameter -Wno-parentheses -Wno-long-long -Wno-missing-field-initializers -Wpointer-arith -Wwrite-strings -Wdeclaration-after-statement -Wshorten-64-to-32 -Wimplicit-function-declaration  -pipe conftest.c  -L. -L../.. -L. -L'/Users/tim/.rbenv/versions/1.9.3-probes/lib'  -L/usr/local/lib     -lruby-static -ltinfo  -lpthread -ldl -lobjc "
conftest.c: In function ‘t’:
conftest.c:5: warning: implicit declaration of function ‘tgetent’
ld: library not found for -ltinfo
collect2: ld returned 1 exit status
checked program was:
/* begin */
1: #include "ruby.h"
2: 
3: /*top*/
4: int main() {return 0;}
5: int t() { tgetent(); return 0; }
/* end */

--------------------

have_library: checking for tgetent() in -ltermcap... -------------------- yes

"gcc -o conftest -I../../.ext/include/x86_64-darwin11.3.0 -I../.././include -I../.././ext/curses -I'/Users/tim/.rbenv/versions/1.9.3-probes/include'  -D_XOPEN_SOURCE -D_DARWIN_C_SOURCE  -I'/Users/tim/.rbenv/versions/1.9.3-probes/include'   -O3 -ggdb -Wextra -Wno-unused-parameter -Wno-parentheses -Wno-long-long -Wno-missing-field-initializers -Wpointer-arith -Wwrite-strings -Wdeclaration-after-statement -Wshorten-64-to-32 -Wimplicit-function-declaration  -pipe conftest.c  -L. -L../.. -L. -L'/Users/tim/.rbenv/versions/1.9.3-probes/lib'  -L/usr/local/lib     -lruby-static -ltermcap  -lpthread -ldl -lobjc "
conftest.c: In function ‘t’:
conftest.c:5: error: ‘tgetent’ undeclared (first use in this function)
conftest.c:5: error: (Each undeclared identifier is reported only once
conftest.c:5: error: for each function it appears in.)
checked program was:
/* begin */
1: #include "ruby.h"
2: 
3: /*top*/
4: int main() {return 0;}
5: int t() { void ((*volatile p)()); p = (void ((*)()))tgetent; return 0; }
/* end */

"gcc -o conftest -I../../.ext/include/x86_64-darwin11.3.0 -I../.././include -I../.././ext/curses -I'/Users/tim/.rbenv/versions/1.9.3-probes/include'  -D_XOPEN_SOURCE -D_DARWIN_C_SOURCE  -I'/Users/tim/.rbenv/versions/1.9.3-probes/include'   -O3 -ggdb -Wextra -Wno-unused-parameter -Wno-parentheses -Wno-long-long -Wno-missing-field-initializers -Wpointer-arith -Wwrite-strings -Wdeclaration-after-statement -Wshorten-64-to-32 -Wimplicit-function-declaration  -pipe conftest.c  -L. -L../.. -L. -L'/Users/tim/.rbenv/versions/1.9.3-probes/lib'  -L/usr/local/lib     -lruby-static -ltermcap  -lpthread -ldl -lobjc "
conftest.c: In function ‘t’:
conftest.c:5: warning: implicit declaration of function ‘tgetent’
checked program was:
/* begin */
1: #include "ruby.h"
2: 
3: /*top*/
4: int main() {return 0;}
5: int t() { tgetent(); return 0; }
/* end */

--------------------

have_header: checking for ncurses.h... -------------------- yes

"gcc -E -I../../.ext/include/x86_64-darwin11.3.0 -I../.././include -I../.././ext/curses -I'/Users/tim/.rbenv/versions/1.9.3-probes/include'  -D_XOPEN_SOURCE -D_DARWIN_C_SOURCE  -I'/Users/tim/.rbenv/versions/1.9.3-probes/include'   -O3 -ggdb -Wextra -Wno-unused-parameter -Wno-parentheses -Wno-long-long -Wno-missing-field-initializers -Wpointer-arith -Wwrite-strings -Wdeclaration-after-statement -Wshorten-64-to-32 -Wimplicit-function-declaration  -pipe  conftest.c -o conftest.i"
checked program was:
/* begin */
1: #include "ruby.h"
2: 
3: #include <ncurses.h>
/* end */

--------------------

have_library: checking for initscr() in -lncursesw... -------------------- no

"gcc -o conftest -I../../.ext/include/x86_64-darwin11.3.0 -I../.././include -I../.././ext/curses -I'/Users/tim/.rbenv/versions/1.9.3-probes/include'  -D_XOPEN_SOURCE -D_DARWIN_C_SOURCE  -I'/Users/tim/.rbenv/versions/1.9.3-probes/include'   -O3 -ggdb -Wextra -Wno-unused-parameter -Wno-parentheses -Wno-long-long -Wno-missing-field-initializers -Wpointer-arith -Wwrite-strings -Wdeclaration-after-statement -Wshorten-64-to-32 -Wimplicit-function-declaration  -pipe conftest.c  -L. -L../.. -L. -L'/Users/tim/.rbenv/versions/1.9.3-probes/lib'  -L/usr/local/lib    -ltermcap  -lruby-static -lncursesw -ltermcap  -lpthread -ldl -lobjc "
conftest.c: In function ‘t’:
conftest.c:5: error: ‘initscr’ undeclared (first use in this function)
conftest.c:5: error: (Each undeclared identifier is reported only once
conftest.c:5: error: for each function it appears in.)
checked program was:
/* begin */
1: #include "ruby.h"
2: 
3: /*top*/
4: int main() {return 0;}
5: int t() { void ((*volatile p)()); p = (void ((*)()))initscr; return 0; }
/* end */

"gcc -o conftest -I../../.ext/include/x86_64-darwin11.3.0 -I../.././include -I../.././ext/curses -I'/Users/tim/.rbenv/versions/1.9.3-probes/include'  -D_XOPEN_SOURCE -D_DARWIN_C_SOURCE  -I'/Users/tim/.rbenv/versions/1.9.3-probes/include'   -O3 -ggdb -Wextra -Wno-unused-parameter -Wno-parentheses -Wno-long-long -Wno-missing-field-initializers -Wpointer-arith -Wwrite-strings -Wdeclaration-after-statement -Wshorten-64-to-32 -Wimplicit-function-declaration  -pipe conftest.c  -L. -L../.. -L. -L'/Users/tim/.rbenv/versions/1.9.3-probes/lib'  -L/usr/local/lib    -ltermcap  -lruby-static -lncursesw -ltermcap  -lpthread -ldl -lobjc "
conftest.c: In function ‘t’:
conftest.c:5: warning: implicit declaration of function ‘initscr’
ld: library not found for -lncursesw
collect2: ld returned 1 exit status
checked program was:
/* begin */
1: #include "ruby.h"
2: 
3: /*top*/
4: int main() {return 0;}
5: int t() { initscr(); return 0; }
/* end */

--------------------

have_library: checking for initscr() in -lncurses... -------------------- yes

"gcc -o conftest -I../../.ext/include/x86_64-darwin11.3.0 -I../.././include -I../.././ext/curses -I'/Users/tim/.rbenv/versions/1.9.3-probes/include'  -D_XOPEN_SOURCE -D_DARWIN_C_SOURCE  -I'/Users/tim/.rbenv/versions/1.9.3-probes/include'   -O3 -ggdb -Wextra -Wno-unused-parameter -Wno-parentheses -Wno-long-long -Wno-missing-field-initializers -Wpointer-arith -Wwrite-strings -Wdeclaration-after-statement -Wshorten-64-to-32 -Wimplicit-function-declaration  -pipe conftest.c  -L. -L../.. -L. -L'/Users/tim/.rbenv/versions/1.9.3-probes/lib'  -L/usr/local/lib    -ltermcap  -lruby-static -lncurses -ltermcap  -lpthread -ldl -lobjc "
conftest.c: In function ‘t’:
conftest.c:5: error: ‘initscr’ undeclared (first use in this function)
conftest.c:5: error: (Each undeclared identifier is reported only once
conftest.c:5: error: for each function it appears in.)
checked program was:
/* begin */
1: #include "ruby.h"
2: 
3: /*top*/
4: int main() {return 0;}
5: int t() { void ((*volatile p)()); p = (void ((*)()))initscr; return 0; }
/* end */

"gcc -o conftest -I../../.ext/include/x86_64-darwin11.3.0 -I../.././include -I../.././ext/curses -I'/Users/tim/.rbenv/versions/1.9.3-probes/include'  -D_XOPEN_SOURCE -D_DARWIN_C_SOURCE  -I'/Users/tim/.rbenv/versions/1.9.3-probes/include'   -O3 -ggdb -Wextra -Wno-unused-parameter -Wno-parentheses -Wno-long-long -Wno-missing-field-initializers -Wpointer-arith -Wwrite-strings -Wdeclaration-after-statement -Wshorten-64-to-32 -Wimplicit-function-declaration  -pipe conftest.c  -L. -L../.. -L. -L'/Users/tim/.rbenv/versions/1.9.3-probes/lib'  -L/usr/local/lib    -ltermcap  -lruby-static -lncurses -ltermcap  -lpthread -ldl -lobjc "
conftest.c: In function ‘t’:
conftest.c:5: warning: implicit declaration of function ‘initscr’
checked program was:
/* begin */
1: #include "ruby.h"
2: 
3: /*top*/
4: int main() {return 0;}
5: int t() { initscr(); return 0; }
/* end */

--------------------

have_func: checking for beep()... -------------------- yes

"gcc -o conftest -I../../.ext/include/x86_64-darwin11.3.0 -I../.././include -I../.././ext/curses -I'/Users/tim/.rbenv/versions/1.9.3-probes/include'  -D_XOPEN_SOURCE -D_DARWIN_C_SOURCE  -I'/Users/tim/.rbenv/versions/1.9.3-probes/include'   -O3 -ggdb -Wextra -Wno-unused-parameter -Wno-parentheses -Wno-long-long -Wno-missing-field-initializers -Wpointer-arith -Wwrite-strings -Wdeclaration-after-statement -Wshorten-64-to-32 -Wimplicit-function-declaration  -pipe conftest.c  -L. -L../.. -L. -L'/Users/tim/.rbenv/versions/1.9.3-probes/lib'  -L/usr/local/lib    -lncurses -ltermcap  -lruby-static -lncurses -ltermcap  -lpthread -ldl -lobjc "
conftest.c: In function ‘t’:
conftest.c:5: error: ‘beep’ undeclared (first use in this function)
conftest.c:5: error: (Each undeclared identifier is reported only once
conftest.c:5: error: for each function it appears in.)
checked program was:
/* begin */
1: #include "ruby.h"
2: 
3: /*top*/
4: int main() {return 0;}
5: int t() { void ((*volatile p)()); p = (void ((*)()))beep; return 0; }
/* end */

"gcc -o conftest -I../../.ext/include/x86_64-darwin11.3.0 -I../.././include -I../.././ext/curses -I'/Users/tim/.rbenv/versions/1.9.3-probes/include'  -D_XOPEN_SOURCE -D_DARWIN_C_SOURCE  -I'/Users/tim/.rbenv/versions/1.9.3-probes/include'   -O3 -ggdb -Wextra -Wno-unused-parameter -Wno-parentheses -Wno-long-long -Wno-missing-field-initializers -Wpointer-arith -Wwrite-strings -Wdeclaration-after-statement -Wshorten-64-to-32 -Wimplicit-function-declaration  -pipe conftest.c  -L. -L../.. -L. -L'/Users/tim/.rbenv/versions/1.9.3-probes/lib'  -L/usr/local/lib    -lncurses -ltermcap  -lruby-static -lncurses -ltermcap  -lpthread -ldl -lobjc "
conftest.c: In function ‘t’:
conftest.c:5: warning: implicit declaration of function ‘beep’
checked program was:
/* begin */
1: #include "ruby.h"
2: 
3: /*top*/
4: int main() {return 0;}
5: int t() { beep(); return 0; }
/* end */

--------------------

have_func: checking for bkgd()... -------------------- yes

"gcc -o conftest -I../../.ext/include/x86_64-darwin11.3.0 -I../.././include -I../.././ext/curses -I'/Users/tim/.rbenv/versions/1.9.3-probes/include'  -D_XOPEN_SOURCE -D_DARWIN_C_SOURCE  -I'/Users/tim/.rbenv/versions/1.9.3-probes/include'   -O3 -ggdb -Wextra -Wno-unused-parameter -Wno-parentheses -Wno-long-long -Wno-missing-field-initializers -Wpointer-arith -Wwrite-strings -Wdeclaration-after-statement -Wshorten-64-to-32 -Wimplicit-function-declaration  -pipe conftest.c  -L. -L../.. -L. -L'/Users/tim/.rbenv/versions/1.9.3-probes/lib'  -L/usr/local/lib    -lncurses -ltermcap  -lruby-static -lncurses -ltermcap  -lpthread -ldl -lobjc "
conftest.c: In function ‘t’:
conftest.c:5: error: ‘bkgd’ undeclared (first use in this function)
conftest.c:5: error: (Each undeclared identifier is reported only once
conftest.c:5: error: for each function it appears in.)
checked program was:
/* begin */
1: #include "ruby.h"
2: 
3: /*top*/
4: int main() {return 0;}
5: int t() { void ((*volatile p)()); p = (void ((*)()))bkgd; return 0; }
/* end */

"gcc -o conftest -I../../.ext/include/x86_64-darwin11.3.0 -I../.././include -I../.././ext/curses -I'/Users/tim/.rbenv/versions/1.9.3-probes/include'  -D_XOPEN_SOURCE -D_DARWIN_C_SOURCE  -I'/Users/tim/.rbenv/versions/1.9.3-probes/include'   -O3 -ggdb -Wextra -Wno-unused-parameter -Wno-parentheses -Wno-long-long -Wno-missing-field-initializers -Wpointer-arith -Wwrite-strings -Wdeclaration-after-statement -Wshorten-64-to-32 -Wimplicit-function-declaration  -pipe conftest.c  -L. -L../.. -L. -L'/Users/tim/.rbenv/versions/1.9.3-probes/lib'  -L/usr/local/lib    -lncurses -ltermcap  -lruby-static -lncurses -ltermcap  -lpthread -ldl -lobjc "
conftest.c: In function ‘t’:
conftest.c:5: warning: implicit declaration of function ‘bkgd’
checked program was:
/* begin */
1: #include "ruby.h"
2: 
3: /*top*/
4: int main() {return 0;}
5: int t() { bkgd(); return 0; }
/* end */

--------------------

have_func: checking for bkgdset()... -------------------- yes

"gcc -o conftest -I../../.ext/include/x86_64-darwin11.3.0 -I../.././include -I../.././ext/curses -I'/Users/tim/.rbenv/versions/1.9.3-probes/include'  -D_XOPEN_SOURCE -D_DARWIN_C_SOURCE  -I'/Users/tim/.rbenv/versions/1.9.3-probes/include'   -O3 -ggdb -Wextra -Wno-unused-parameter -Wno-parentheses -Wno-long-long -Wno-missing-field-initializers -Wpointer-arith -Wwrite-strings -Wdeclaration-after-statement -Wshorten-64-to-32 -Wimplicit-function-declaration  -pipe conftest.c  -L. -L../.. -L. -L'/Users/tim/.rbenv/versions/1.9.3-probes/lib'  -L/usr/local/lib    -lncurses -ltermcap  -lruby-static -lncurses -ltermcap  -lpthread -ldl -lobjc "
conftest.c: In function ‘t’:
conftest.c:5: error: ‘bkgdset’ undeclared (first use in this function)
conftest.c:5: error: (Each undeclared identifier is reported only once
conftest.c:5: error: for each function it appears in.)
checked program was:
/* begin */
1: #include "ruby.h"
2: 
3: /*top*/
4: int main() {return 0;}
5: int t() { void ((*volatile p)()); p = (void ((*)()))bkgdset; return 0; }
/* end */

"gcc -o conftest -I../../.ext/include/x86_64-darwin11.3.0 -I../.././include -I../.././ext/curses -I'/Users/tim/.rbenv/versions/1.9.3-probes/include'  -D_XOPEN_SOURCE -D_DARWIN_C_SOURCE  -I'/Users/tim/.rbenv/versions/1.9.3-probes/include'   -O3 -ggdb -Wextra -Wno-unused-parameter -Wno-parentheses -Wno-long-long -Wno-missing-field-initializers -Wpointer-arith -Wwrite-strings -Wdeclaration-after-statement -Wshorten-64-to-32 -Wimplicit-function-declaration  -pipe conftest.c  -L. -L../.. -L. -L'/Users/tim/.rbenv/versions/1.9.3-probes/lib'  -L/usr/local/lib    -lncurses -ltermcap  -lruby-static -lncurses -ltermcap  -lpthread -ldl -lobjc "
conftest.c: In function ‘t’:
conftest.c:5: warning: implicit declaration of function ‘bkgdset’
checked program was:
/* begin */
1: #include "ruby.h"
2: 
3: /*top*/
4: int main() {return 0;}
5: int t() { bkgdset(); return 0; }
/* end */

--------------------

have_func: checking for curs_set()... -------------------- yes

"gcc -o conftest -I../../.ext/include/x86_64-darwin11.3.0 -I../.././include -I../.././ext/curses -I'/Users/tim/.rbenv/versions/1.9.3-probes/include'  -D_XOPEN_SOURCE -D_DARWIN_C_SOURCE  -I'/Users/tim/.rbenv/versions/1.9.3-probes/include'   -O3 -ggdb -Wextra -Wno-unused-parameter -Wno-parentheses -Wno-long-long -Wno-missing-field-initializers -Wpointer-arith -Wwrite-strings -Wdeclaration-after-statement -Wshorten-64-to-32 -Wimplicit-function-declaration  -pipe conftest.c  -L. -L../.. -L. -L'/Users/tim/.rbenv/versions/1.9.3-probes/lib'  -L/usr/local/lib    -lncurses -ltermcap  -lruby-static -lncurses -ltermcap  -lpthread -ldl -lobjc "
conftest.c: In function ‘t’:
conftest.c:5: error: ‘curs_set’ undeclared (first use in this function)
conftest.c:5: error: (Each undeclared identifier is reported only once
conftest.c:5: error: for each function it appears in.)
checked program was:
/* begin */
1: #include "ruby.h"
2: 
3: /*top*/
4: int main() {return 0;}
5: int t() { void ((*volatile p)()); p = (void ((*)()))curs_set; return 0; }
/* end */

"gcc -o conftest -I../../.ext/include/x86_64-darwin11.3.0 -I../.././include -I../.././ext/curses -I'/Users/tim/.rbenv/versions/1.9.3-probes/include'  -D_XOPEN_SOURCE -D_DARWIN_C_SOURCE  -I'/Users/tim/.rbenv/versions/1.9.3-probes/include'   -O3 -ggdb -Wextra -Wno-unused-parameter -Wno-parentheses -Wno-long-long -Wno-missing-field-initializers -Wpointer-arith -Wwrite-strings -Wdeclaration-after-statement -Wshorten-64-to-32 -Wimplicit-function-declaration  -pipe conftest.c  -L. -L../.. -L. -L'/Users/tim/.rbenv/versions/1.9.3-probes/lib'  -L/usr/local/lib    -lncurses -ltermcap  -lruby-static -lncurses -ltermcap  -lpthread -ldl -lobjc "
conftest.c: In function ‘t’:
conftest.c:5: warning: implicit declaration of function ‘curs_set’
checked program was:
/* begin */
1: #include "ruby.h"
2: 
3: /*top*/
4: int main() {return 0;}
5: int t() { curs_set(); return 0; }
/* end */

--------------------

have_func: checking for deleteln()... -------------------- yes

"gcc -o conftest -I../../.ext/include/x86_64-darwin11.3.0 -I../.././include -I../.././ext/curses -I'/Users/tim/.rbenv/versions/1.9.3-probes/include'  -D_XOPEN_SOURCE -D_DARWIN_C_SOURCE  -I'/Users/tim/.rbenv/versions/1.9.3-probes/include'   -O3 -ggdb -Wextra -Wno-unused-parameter -Wno-parentheses -Wno-long-long -Wno-missing-field-initializers -Wpointer-arith -Wwrite-strings -Wdeclaration-after-statement -Wshorten-64-to-32 -Wimplicit-function-declaration  -pipe conftest.c  -L. -L../.. -L. -L'/Users/tim/.rbenv/versions/1.9.3-probes/lib'  -L/usr/local/lib    -lncurses -ltermcap  -lruby-static -lncurses -ltermcap  -lpthread -ldl -lobjc "
conftest.c: In function ‘t’:
conftest.c:5: error: ‘deleteln’ undeclared (first use in this function)
conftest.c:5: error: (Each undeclared identifier is reported only once
conftest.c:5: error: for each function it appears in.)
checked program was:
/* begin */
1: #include "ruby.h"
2: 
3: /*top*/
4: int main() {return 0;}
5: int t() { void ((*volatile p)()); p = (void ((*)()))deleteln; return 0; }
/* end */

"gcc -o conftest -I../../.ext/include/x86_64-darwin11.3.0 -I../.././include -I../.././ext/curses -I'/Users/tim/.rbenv/versions/1.9.3-probes/include'  -D_XOPEN_SOURCE -D_DARWIN_C_SOURCE  -I'/Users/tim/.rbenv/versions/1.9.3-probes/include'   -O3 -ggdb -Wextra -Wno-unused-parameter -Wno-parentheses -Wno-long-long -Wno-missing-field-initializers -Wpointer-arith -Wwrite-strings -Wdeclaration-after-statement -Wshorten-64-to-32 -Wimplicit-function-declaration  -pipe conftest.c  -L. -L../.. -L. -L'/Users/tim/.rbenv/versions/1.9.3-probes/lib'  -L/usr/local/lib    -lncurses -ltermcap  -lruby-static -lncurses -ltermcap  -lpthread -ldl -lobjc "
conftest.c: In function ‘t’:
conftest.c:5: warning: implicit declaration of function ‘deleteln’
checked program was:
/* begin */
1: #include "ruby.h"
2: 
3: /*top*/
4: int main() {return 0;}
5: int t() { deleteln(); return 0; }
/* end */

--------------------

have_func: checking for doupdate()... -------------------- yes

"gcc -o conftest -I../../.ext/include/x86_64-darwin11.3.0 -I../.././include -I../.././ext/curses -I'/Users/tim/.rbenv/versions/1.9.3-probes/include'  -D_XOPEN_SOURCE -D_DARWIN_C_SOURCE  -I'/Users/tim/.rbenv/versions/1.9.3-probes/include'   -O3 -ggdb -Wextra -Wno-unused-parameter -Wno-parentheses -Wno-long-long -Wno-missing-field-initializers -Wpointer-arith -Wwrite-strings -Wdeclaration-after-statement -Wshorten-64-to-32 -Wimplicit-function-declaration  -pipe conftest.c  -L. -L../.. -L. -L'/Users/tim/.rbenv/versions/1.9.3-probes/lib'  -L/usr/local/lib    -lncurses -ltermcap  -lruby-static -lncurses -ltermcap  -lpthread -ldl -lobjc "
conftest.c: In function ‘t’:
conftest.c:5: error: ‘doupdate’ undeclared (first use in this function)
conftest.c:5: error: (Each undeclared identifier is reported only once
conftest.c:5: error: for each function it appears in.)
checked program was:
/* begin */
1: #include "ruby.h"
2: 
3: /*top*/
4: int main() {return 0;}
5: int t() { void ((*volatile p)()); p = (void ((*)()))doupdate; return 0; }
/* end */

"gcc -o conftest -I../../.ext/include/x86_64-darwin11.3.0 -I../.././include -I../.././ext/curses -I'/Users/tim/.rbenv/versions/1.9.3-probes/include'  -D_XOPEN_SOURCE -D_DARWIN_C_SOURCE  -I'/Users/tim/.rbenv/versions/1.9.3-probes/include'   -O3 -ggdb -Wextra -Wno-unused-parameter -Wno-parentheses -Wno-long-long -Wno-missing-field-initializers -Wpointer-arith -Wwrite-strings -Wdeclaration-after-statement -Wshorten-64-to-32 -Wimplicit-function-declaration  -pipe conftest.c  -L. -L../.. -L. -L'/Users/tim/.rbenv/versions/1.9.3-probes/lib'  -L/usr/local/lib    -lncurses -ltermcap  -lruby-static -lncurses -ltermcap  -lpthread -ldl -lobjc "
conftest.c: In function ‘t’:
conftest.c:5: warning: implicit declaration of function ‘doupdate’
checked program was:
/* begin */
1: #include "ruby.h"
2: 
3: /*top*/
4: int main() {return 0;}
5: int t() { doupdate(); return 0; }
/* end */

--------------------

have_func: checking for flash()... -------------------- yes

"gcc -o conftest -I../../.ext/include/x86_64-darwin11.3.0 -I../.././include -I../.././ext/curses -I'/Users/tim/.rbenv/versions/1.9.3-probes/include'  -D_XOPEN_SOURCE -D_DARWIN_C_SOURCE  -I'/Users/tim/.rbenv/versions/1.9.3-probes/include'   -O3 -ggdb -Wextra -Wno-unused-parameter -Wno-parentheses -Wno-long-long -Wno-missing-field-initializers -Wpointer-arith -Wwrite-strings -Wdeclaration-after-statement -Wshorten-64-to-32 -Wimplicit-function-declaration  -pipe conftest.c  -L. -L../.. -L. -L'/Users/tim/.rbenv/versions/1.9.3-probes/lib'  -L/usr/local/lib    -lncurses -ltermcap  -lruby-static -lncurses -ltermcap  -lpthread -ldl -lobjc "
conftest.c: In function ‘t’:
conftest.c:5: error: ‘flash’ undeclared (first use in this function)
conftest.c:5: error: (Each undeclared identifier is reported only once
conftest.c:5: error: for each function it appears in.)
checked program was:
/* begin */
1: #include "ruby.h"
2: 
3: /*top*/
4: int main() {return 0;}
5: int t() { void ((*volatile p)()); p = (void ((*)()))flash; return 0; }
/* end */

"gcc -o conftest -I../../.ext/include/x86_64-darwin11.3.0 -I../.././include -I../.././ext/curses -I'/Users/tim/.rbenv/versions/1.9.3-probes/include'  -D_XOPEN_SOURCE -D_DARWIN_C_SOURCE  -I'/Users/tim/.rbenv/versions/1.9.3-probes/include'   -O3 -ggdb -Wextra -Wno-unused-parameter -Wno-parentheses -Wno-long-long -Wno-missing-field-initializers -Wpointer-arith -Wwrite-strings -Wdeclaration-after-statement -Wshorten-64-to-32 -Wimplicit-function-declaration  -pipe conftest.c  -L. -L../.. -L. -L'/Users/tim/.rbenv/versions/1.9.3-probes/lib'  -L/usr/local/lib    -lncurses -ltermcap  -lruby-static -lncurses -ltermcap  -lpthread -ldl -lobjc "
conftest.c: In function ‘t’:
conftest.c:5: warning: implicit declaration of function ‘flash’
checked program was:
/* begin */
1: #include "ruby.h"
2: 
3: /*top*/
4: int main() {return 0;}
5: int t() { flash(); return 0; }
/* end */

--------------------

have_func: checking for getbkgd()... -------------------- yes

"gcc -o conftest -I../../.ext/include/x86_64-darwin11.3.0 -I../.././include -I../.././ext/curses -I'/Users/tim/.rbenv/versions/1.9.3-probes/include'  -D_XOPEN_SOURCE -D_DARWIN_C_SOURCE  -I'/Users/tim/.rbenv/versions/1.9.3-probes/include'   -O3 -ggdb -Wextra -Wno-unused-parameter -Wno-parentheses -Wno-long-long -Wno-missing-field-initializers -Wpointer-arith -Wwrite-strings -Wdeclaration-after-statement -Wshorten-64-to-32 -Wimplicit-function-declaration  -pipe conftest.c  -L. -L../.. -L. -L'/Users/tim/.rbenv/versions/1.9.3-probes/lib'  -L/usr/local/lib    -lncurses -ltermcap  -lruby-static -lncurses -ltermcap  -lpthread -ldl -lobjc "
conftest.c: In function ‘t’:
conftest.c:5: error: ‘getbkgd’ undeclared (first use in this function)
conftest.c:5: error: (Each undeclared identifier is reported only once
conftest.c:5: error: for each function it appears in.)
checked program was:
/* begin */
1: #include "ruby.h"
2: 
3: /*top*/
4: int main() {return 0;}
5: int t() { void ((*volatile p)()); p = (void ((*)()))getbkgd; return 0; }
/* end */

"gcc -o conftest -I../../.ext/include/x86_64-darwin11.3.0 -I../.././include -I../.././ext/curses -I'/Users/tim/.rbenv/versions/1.9.3-probes/include'  -D_XOPEN_SOURCE -D_DARWIN_C_SOURCE  -I'/Users/tim/.rbenv/versions/1.9.3-probes/include'   -O3 -ggdb -Wextra -Wno-unused-parameter -Wno-parentheses -Wno-long-long -Wno-missing-field-initializers -Wpointer-arith -Wwrite-strings -Wdeclaration-after-statement -Wshorten-64-to-32 -Wimplicit-function-declaration  -pipe conftest.c  -L. -L../.. -L. -L'/Users/tim/.rbenv/versions/1.9.3-probes/lib'  -L/usr/local/lib    -lncurses -ltermcap  -lruby-static -lncurses -ltermcap  -lpthread -ldl -lobjc "
conftest.c: In function ‘t’:
conftest.c:5: warning: implicit declaration of function ‘getbkgd’
checked program was:
/* begin */
1: #include "ruby.h"
2: 
3: /*top*/
4: int main() {return 0;}
5: int t() { getbkgd(); return 0; }
/* end */

--------------------

have_func: checking for getnstr()... -------------------- yes

"gcc -o conftest -I../../.ext/include/x86_64-darwin11.3.0 -I../.././include -I../.././ext/curses -I'/Users/tim/.rbenv/versions/1.9.3-probes/include'  -D_XOPEN_SOURCE -D_DARWIN_C_SOURCE  -I'/Users/tim/.rbenv/versions/1.9.3-probes/include'   -O3 -ggdb -Wextra -Wno-unused-parameter -Wno-parentheses -Wno-long-long -Wno-missing-field-initializers -Wpointer-arith -Wwrite-strings -Wdeclaration-after-statement -Wshorten-64-to-32 -Wimplicit-function-declaration  -pipe conftest.c  -L. -L../.. -L. -L'/Users/tim/.rbenv/versions/1.9.3-probes/lib'  -L/usr/local/lib    -lncurses -ltermcap  -lruby-static -lncurses -ltermcap  -lpthread -ldl -lobjc "
conftest.c: In function ‘t’:
conftest.c:5: error: ‘getnstr’ undeclared (first use in this function)
conftest.c:5: error: (Each undeclared identifier is reported only once
conftest.c:5: error: for each function it appears in.)
checked program was:
/* begin */
1: #include "ruby.h"
2: 
3: /*top*/
4: int main() {return 0;}
5: int t() { void ((*volatile p)()); p = (void ((*)()))getnstr; return 0; }
/* end */

"gcc -o conftest -I../../.ext/include/x86_64-darwin11.3.0 -I../.././include -I../.././ext/curses -I'/Users/tim/.rbenv/versions/1.9.3-probes/include'  -D_XOPEN_SOURCE -D_DARWIN_C_SOURCE  -I'/Users/tim/.rbenv/versions/1.9.3-probes/include'   -O3 -ggdb -Wextra -Wno-unused-parameter -Wno-parentheses -Wno-long-long -Wno-missing-field-initializers -Wpointer-arith -Wwrite-strings -Wdeclaration-after-statement -Wshorten-64-to-32 -Wimplicit-function-declaration  -pipe conftest.c  -L. -L../.. -L. -L'/Users/tim/.rbenv/versions/1.9.3-probes/lib'  -L/usr/local/lib    -lncurses -ltermcap  -lruby-static -lncurses -ltermcap  -lpthread -ldl -lobjc "
conftest.c: In function ‘t’:
conftest.c:5: warning: implicit declaration of function ‘getnstr’
checked program was:
/* begin */
1: #include "ruby.h"
2: 
3: /*top*/
4: int main() {return 0;}
5: int t() { getnstr(); return 0; }
/* end */

--------------------

have_func: checking for init()... -------------------- no

"gcc -o conftest -I../../.ext/include/x86_64-darwin11.3.0 -I../.././include -I../.././ext/curses -I'/Users/tim/.rbenv/versions/1.9.3-probes/include'  -D_XOPEN_SOURCE -D_DARWIN_C_SOURCE  -I'/Users/tim/.rbenv/versions/1.9.3-probes/include'   -O3 -ggdb -Wextra -Wno-unused-parameter -Wno-parentheses -Wno-long-long -Wno-missing-field-initializers -Wpointer-arith -Wwrite-strings -Wdeclaration-after-statement -Wshorten-64-to-32 -Wimplicit-function-declaration  -pipe conftest.c  -L. -L../.. -L. -L'/Users/tim/.rbenv/versions/1.9.3-probes/lib'  -L/usr/local/lib    -lncurses -ltermcap  -lruby-static -lncurses -ltermcap  -lpthread -ldl -lobjc "
conftest.c: In function ‘t’:
conftest.c:5: error: ‘init’ undeclared (first use in this function)
conftest.c:5: error: (Each undeclared identifier is reported only once
conftest.c:5: error: for each function it appears in.)
checked program was:
/* begin */
1: #include "ruby.h"
2: 
3: /*top*/
4: int main() {return 0;}
5: int t() { void ((*volatile p)()); p = (void ((*)()))init; return 0; }
/* end */

"gcc -o conftest -I../../.ext/include/x86_64-darwin11.3.0 -I../.././include -I../.././ext/curses -I'/Users/tim/.rbenv/versions/1.9.3-probes/include'  -D_XOPEN_SOURCE -D_DARWIN_C_SOURCE  -I'/Users/tim/.rbenv/versions/1.9.3-probes/include'   -O3 -ggdb -Wextra -Wno-unused-parameter -Wno-parentheses -Wno-long-long -Wno-missing-field-initializers -Wpointer-arith -Wwrite-strings -Wdeclaration-after-statement -Wshorten-64-to-32 -Wimplicit-function-declaration  -pipe conftest.c  -L. -L../.. -L. -L'/Users/tim/.rbenv/versions/1.9.3-probes/lib'  -L/usr/local/lib    -lncurses -ltermcap  -lruby-static -lncurses -ltermcap  -lpthread -ldl -lobjc "
conftest.c: In function ‘t’:
conftest.c:5: warning: implicit declaration of function ‘init’
Undefined symbols for architecture x86_64:
  "_init", referenced from:
      _t in ccbp6RcK.o
ld: symbol(s) not found for architecture x86_64
collect2: ld returned 1 exit status
checked program was:
/* begin */
1: #include "ruby.h"
2: 
3: /*top*/
4: int main() {return 0;}
5: int t() { init(); return 0; }
/* end */

--------------------

have_macro: checking for init in ncurses.h... -------------------- no

"gcc -I../../.ext/include/x86_64-darwin11.3.0 -I../.././include -I../.././ext/curses -I'/Users/tim/.rbenv/versions/1.9.3-probes/include'  -D_XOPEN_SOURCE -D_DARWIN_C_SOURCE  -I'/Users/tim/.rbenv/versions/1.9.3-probes/include'   -O3 -ggdb -Wextra -Wno-unused-parameter -Wno-parentheses -Wno-long-long -Wno-missing-field-initializers -Wpointer-arith -Wwrite-strings -Wdeclaration-after-statement -Wshorten-64-to-32 -Wimplicit-function-declaration  -pipe   -c conftest.c"
conftest.c:6:3: error: #error 
conftest.c:7: error: expected identifier or ‘(’ before ‘>>’ token
checked program was:
/* begin */
1: #include "ruby.h"
2: 
3: #include <ncurses.h>
4: /*top*/
5: #ifndef init
6: # error
7: >>>>>> init undefined <<<<<<
8: #endif
/* end */

--------------------

have_func: checking for isendwin()... -------------------- yes

"gcc -o conftest -I../../.ext/include/x86_64-darwin11.3.0 -I../.././include -I../.././ext/curses -I'/Users/tim/.rbenv/versions/1.9.3-probes/include'  -D_XOPEN_SOURCE -D_DARWIN_C_SOURCE  -I'/Users/tim/.rbenv/versions/1.9.3-probes/include'   -O3 -ggdb -Wextra -Wno-unused-parameter -Wno-parentheses -Wno-long-long -Wno-missing-field-initializers -Wpointer-arith -Wwrite-strings -Wdeclaration-after-statement -Wshorten-64-to-32 -Wimplicit-function-declaration  -pipe conftest.c  -L. -L../.. -L. -L'/Users/tim/.rbenv/versions/1.9.3-probes/lib'  -L/usr/local/lib    -lncurses -ltermcap  -lruby-static -lncurses -ltermcap  -lpthread -ldl -lobjc "
conftest.c: In function ‘t’:
conftest.c:5: error: ‘isendwin’ undeclared (first use in this function)
conftest.c:5: error: (Each undeclared identifier is reported only once
conftest.c:5: error: for each function it appears in.)
checked program was:
/* begin */
1: #include "ruby.h"
2: 
3: /*top*/
4: int main() {return 0;}
5: int t() { void ((*volatile p)()); p = (void ((*)()))isendwin; return 0; }
/* end */

"gcc -o conftest -I../../.ext/include/x86_64-darwin11.3.0 -I../.././include -I../.././ext/curses -I'/Users/tim/.rbenv/versions/1.9.3-probes/include'  -D_XOPEN_SOURCE -D_DARWIN_C_SOURCE  -I'/Users/tim/.rbenv/versions/1.9.3-probes/include'   -O3 -ggdb -Wextra -Wno-unused-parameter -Wno-parentheses -Wno-long-long -Wno-missing-field-initializers -Wpointer-arith -Wwrite-strings -Wdeclaration-after-statement -Wshorten-64-to-32 -Wimplicit-function-declaration  -pipe conftest.c  -L. -L../.. -L. -L'/Users/tim/.rbenv/versions/1.9.3-probes/lib'  -L/usr/local/lib    -lncurses -ltermcap  -lruby-static -lncurses -ltermcap  -lpthread -ldl -lobjc "
conftest.c: In function ‘t’:
conftest.c:5: warning: implicit declaration of function ‘isendwin’
checked program was:
/* begin */
1: #include "ruby.h"
2: 
3: /*top*/
4: int main() {return 0;}
5: int t() { isendwin(); return 0; }
/* end */

--------------------

have_func: checking for keyname()... -------------------- yes

"gcc -o conftest -I../../.ext/include/x86_64-darwin11.3.0 -I../.././include -I../.././ext/curses -I'/Users/tim/.rbenv/versions/1.9.3-probes/include'  -D_XOPEN_SOURCE -D_DARWIN_C_SOURCE  -I'/Users/tim/.rbenv/versions/1.9.3-probes/include'   -O3 -ggdb -Wextra -Wno-unused-parameter -Wno-parentheses -Wno-long-long -Wno-missing-field-initializers -Wpointer-arith -Wwrite-strings -Wdeclaration-after-statement -Wshorten-64-to-32 -Wimplicit-function-declaration  -pipe conftest.c  -L. -L../.. -L. -L'/Users/tim/.rbenv/versions/1.9.3-probes/lib'  -L/usr/local/lib    -lncurses -ltermcap  -lruby-static -lncurses -ltermcap  -lpthread -ldl -lobjc "
conftest.c: In function ‘t’:
conftest.c:5: error: ‘keyname’ undeclared (first use in this function)
conftest.c:5: error: (Each undeclared identifier is reported only once
conftest.c:5: error: for each function it appears in.)
checked program was:
/* begin */
1: #include "ruby.h"
2: 
3: /*top*/
4: int main() {return 0;}
5: int t() { void ((*volatile p)()); p = (void ((*)()))keyname; return 0; }
/* end */

"gcc -o conftest -I../../.ext/include/x86_64-darwin11.3.0 -I../.././include -I../.././ext/curses -I'/Users/tim/.rbenv/versions/1.9.3-probes/include'  -D_XOPEN_SOURCE -D_DARWIN_C_SOURCE  -I'/Users/tim/.rbenv/versions/1.9.3-probes/include'   -O3 -ggdb -Wextra -Wno-unused-parameter -Wno-parentheses -Wno-long-long -Wno-missing-field-initializers -Wpointer-arith -Wwrite-strings -Wdeclaration-after-statement -Wshorten-64-to-32 -Wimplicit-function-declaration  -pipe conftest.c  -L. -L../.. -L. -L'/Users/tim/.rbenv/versions/1.9.3-probes/lib'  -L/usr/local/lib    -lncurses -ltermcap  -lruby-static -lncurses -ltermcap  -lpthread -ldl -lobjc "
conftest.c: In function ‘t’:
conftest.c:5: warning: implicit declaration of function ‘keyname’
checked program was:
/* begin */
1: #include "ruby.h"
2: 
3: /*top*/
4: int main() {return 0;}
5: int t() { keyname(); return 0; }
/* end */

--------------------

have_func: checking for keypad()... -------------------- yes

"gcc -o conftest -I../../.ext/include/x86_64-darwin11.3.0 -I../.././include -I../.././ext/curses -I'/Users/tim/.rbenv/versions/1.9.3-probes/include'  -D_XOPEN_SOURCE -D_DARWIN_C_SOURCE  -I'/Users/tim/.rbenv/versions/1.9.3-probes/include'   -O3 -ggdb -Wextra -Wno-unused-parameter -Wno-parentheses -Wno-long-long -Wno-missing-field-initializers -Wpointer-arith -Wwrite-strings -Wdeclaration-after-statement -Wshorten-64-to-32 -Wimplicit-function-declaration  -pipe conftest.c  -L. -L../.. -L. -L'/Users/tim/.rbenv/versions/1.9.3-probes/lib'  -L/usr/local/lib    -lncurses -ltermcap  -lruby-static -lncurses -ltermcap  -lpthread -ldl -lobjc "
conftest.c: In function ‘t’:
conftest.c:5: error: ‘keypad’ undeclared (first use in this function)
conftest.c:5: error: (Each undeclared identifier is reported only once
conftest.c:5: error: for each function it appears in.)
checked program was:
/* begin */
1: #include "ruby.h"
2: 
3: /*top*/
4: int main() {return 0;}
5: int t() { void ((*volatile p)()); p = (void ((*)()))keypad; return 0; }
/* end */

"gcc -o conftest -I../../.ext/include/x86_64-darwin11.3.0 -I../.././include -I../.././ext/curses -I'/Users/tim/.rbenv/versions/1.9.3-probes/include'  -D_XOPEN_SOURCE -D_DARWIN_C_SOURCE  -I'/Users/tim/.rbenv/versions/1.9.3-probes/include'   -O3 -ggdb -Wextra -Wno-unused-parameter -Wno-parentheses -Wno-long-long -Wno-missing-field-initializers -Wpointer-arith -Wwrite-strings -Wdeclaration-after-statement -Wshorten-64-to-32 -Wimplicit-function-declaration  -pipe conftest.c  -L. -L../.. -L. -L'/Users/tim/.rbenv/versions/1.9.3-probes/lib'  -L/usr/local/lib    -lncurses -ltermcap  -lruby-static -lncurses -ltermcap  -lpthread -ldl -lobjc "
conftest.c: In function ‘t’:
conftest.c:5: warning: implicit declaration of function ‘keypad’
checked program was:
/* begin */
1: #include "ruby.h"
2: 
3: /*top*/
4: int main() {return 0;}
5: int t() { keypad(); return 0; }
/* end */

--------------------

have_func: checking for resizeterm()... -------------------- yes

"gcc -o conftest -I../../.ext/include/x86_64-darwin11.3.0 -I../.././include -I../.././ext/curses -I'/Users/tim/.rbenv/versions/1.9.3-probes/include'  -D_XOPEN_SOURCE -D_DARWIN_C_SOURCE  -I'/Users/tim/.rbenv/versions/1.9.3-probes/include'   -O3 -ggdb -Wextra -Wno-unused-parameter -Wno-parentheses -Wno-long-long -Wno-missing-field-initializers -Wpointer-arith -Wwrite-strings -Wdeclaration-after-statement -Wshorten-64-to-32 -Wimplicit-function-declaration  -pipe conftest.c  -L. -L../.. -L. -L'/Users/tim/.rbenv/versions/1.9.3-probes/lib'  -L/usr/local/lib    -lncurses -ltermcap  -lruby-static -lncurses -ltermcap  -lpthread -ldl -lobjc "
conftest.c: In function ‘t’:
conftest.c:5: error: ‘resizeterm’ undeclared (first use in this function)
conftest.c:5: error: (Each undeclared identifier is reported only once
conftest.c:5: error: for each function it appears in.)
checked program was:
/* begin */
1: #include "ruby.h"
2: 
3: /*top*/
4: int main() {return 0;}
5: int t() { void ((*volatile p)()); p = (void ((*)()))resizeterm; return 0; }
/* end */

"gcc -o conftest -I../../.ext/include/x86_64-darwin11.3.0 -I../.././include -I../.././ext/curses -I'/Users/tim/.rbenv/versions/1.9.3-probes/include'  -D_XOPEN_SOURCE -D_DARWIN_C_SOURCE  -I'/Users/tim/.rbenv/versions/1.9.3-probes/include'   -O3 -ggdb -Wextra -Wno-unused-parameter -Wno-parentheses -Wno-long-long -Wno-missing-field-initializers -Wpointer-arith -Wwrite-strings -Wdeclaration-after-statement -Wshorten-64-to-32 -Wimplicit-function-declaration  -pipe conftest.c  -L. -L../.. -L. -L'/Users/tim/.rbenv/versions/1.9.3-probes/lib'  -L/usr/local/lib    -lncurses -ltermcap  -lruby-static -lncurses -ltermcap  -lpthread -ldl -lobjc "
conftest.c: In function ‘t’:
conftest.c:5: warning: implicit declaration of function ‘resizeterm’
checked program was:
/* begin */
1: #include "ruby.h"
2: 
3: /*top*/
4: int main() {return 0;}
5: int t() { resizeterm(); return 0; }
/* end */

--------------------

have_func: checking for scrl()... -------------------- yes

"gcc -o conftest -I../../.ext/include/x86_64-darwin11.3.0 -I../.././include -I../.././ext/curses -I'/Users/tim/.rbenv/versions/1.9.3-probes/include'  -D_XOPEN_SOURCE -D_DARWIN_C_SOURCE  -I'/Users/tim/.rbenv/versions/1.9.3-probes/include'   -O3 -ggdb -Wextra -Wno-unused-parameter -Wno-parentheses -Wno-long-long -Wno-missing-field-initializers -Wpointer-arith -Wwrite-strings -Wdeclaration-after-statement -Wshorten-64-to-32 -Wimplicit-function-declaration  -pipe conftest.c  -L. -L../.. -L. -L'/Users/tim/.rbenv/versions/1.9.3-probes/lib'  -L/usr/local/lib    -lncurses -ltermcap  -lruby-static -lncurses -ltermcap  -lpthread -ldl -lobjc "
conftest.c: In function ‘t’:
conftest.c:5: error: ‘scrl’ undeclared (first use in this function)
conftest.c:5: error: (Each undeclared identifier is reported only once
conftest.c:5: error: for each function it appears in.)
checked program was:
/* begin */
1: #include "ruby.h"
2: 
3: /*top*/
4: int main() {return 0;}
5: int t() { void ((*volatile p)()); p = (void ((*)()))scrl; return 0; }
/* end */

"gcc -o conftest -I../../.ext/include/x86_64-darwin11.3.0 -I../.././include -I../.././ext/curses -I'/Users/tim/.rbenv/versions/1.9.3-probes/include'  -D_XOPEN_SOURCE -D_DARWIN_C_SOURCE  -I'/Users/tim/.rbenv/versions/1.9.3-probes/include'   -O3 -ggdb -Wextra -Wno-unused-parameter -Wno-parentheses -Wno-long-long -Wno-missing-field-initializers -Wpointer-arith -Wwrite-strings -Wdeclaration-after-statement -Wshorten-64-to-32 -Wimplicit-function-declaration  -pipe conftest.c  -L. -L../.. -L. -L'/Users/tim/.rbenv/versions/1.9.3-probes/lib'  -L/usr/local/lib    -lncurses -ltermcap  -lruby-static -lncurses -ltermcap  -lpthread -ldl -lobjc "
conftest.c: In function ‘t’:
conftest.c:5: warning: implicit declaration of function ‘scrl’
checked program was:
/* begin */
1: #include "ruby.h"
2: 
3: /*top*/
4: int main() {return 0;}
5: int t() { scrl(); return 0; }
/* end */

--------------------

have_func: checking for set()... -------------------- no

"gcc -o conftest -I../../.ext/include/x86_64-darwin11.3.0 -I../.././include -I../.././ext/curses -I'/Users/tim/.rbenv/versions/1.9.3-probes/include'  -D_XOPEN_SOURCE -D_DARWIN_C_SOURCE  -I'/Users/tim/.rbenv/versions/1.9.3-probes/include'   -O3 -ggdb -Wextra -Wno-unused-parameter -Wno-parentheses -Wno-long-long -Wno-missing-field-initializers -Wpointer-arith -Wwrite-strings -Wdeclaration-after-statement -Wshorten-64-to-32 -Wimplicit-function-declaration  -pipe conftest.c  -L. -L../.. -L. -L'/Users/tim/.rbenv/versions/1.9.3-probes/lib'  -L/usr/local/lib    -lncurses -ltermcap  -lruby-static -lncurses -ltermcap  -lpthread -ldl -lobjc "
conftest.c: In function ‘t’:
conftest.c:5: error: ‘set’ undeclared (first use in this function)
conftest.c:5: error: (Each undeclared identifier is reported only once
conftest.c:5: error: for each function it appears in.)
checked program was:
/* begin */
1: #include "ruby.h"
2: 
3: /*top*/
4: int main() {return 0;}
5: int t() { void ((*volatile p)()); p = (void ((*)()))set; return 0; }
/* end */

"gcc -o conftest -I../../.ext/include/x86_64-darwin11.3.0 -I../.././include -I../.././ext/curses -I'/Users/tim/.rbenv/versions/1.9.3-probes/include'  -D_XOPEN_SOURCE -D_DARWIN_C_SOURCE  -I'/Users/tim/.rbenv/versions/1.9.3-probes/include'   -O3 -ggdb -Wextra -Wno-unused-parameter -Wno-parentheses -Wno-long-long -Wno-missing-field-initializers -Wpointer-arith -Wwrite-strings -Wdeclaration-after-statement -Wshorten-64-to-32 -Wimplicit-function-declaration  -pipe conftest.c  -L. -L../.. -L. -L'/Users/tim/.rbenv/versions/1.9.3-probes/lib'  -L/usr/local/lib    -lncurses -ltermcap  -lruby-static -lncurses -ltermcap  -lpthread -ldl -lobjc "
conftest.c: In function ‘t’:
conftest.c:5: warning: implicit declaration of function ‘set’
Undefined symbols for architecture x86_64:
  "_set", referenced from:
      _t in ccxqZLCc.o
ld: symbol(s) not found for architecture x86_64
collect2: ld returned 1 exit status
checked program was:
/* begin */
1: #include "ruby.h"
2: 
3: /*top*/
4: int main() {return 0;}
5: int t() { set(); return 0; }
/* end */

--------------------

have_macro: checking for set in ncurses.h... -------------------- no

"gcc -I../../.ext/include/x86_64-darwin11.3.0 -I../.././include -I../.././ext/curses -I'/Users/tim/.rbenv/versions/1.9.3-probes/include'  -D_XOPEN_SOURCE -D_DARWIN_C_SOURCE  -I'/Users/tim/.rbenv/versions/1.9.3-probes/include'   -O3 -ggdb -Wextra -Wno-unused-parameter -Wno-parentheses -Wno-long-long -Wno-missing-field-initializers -Wpointer-arith -Wwrite-strings -Wdeclaration-after-statement -Wshorten-64-to-32 -Wimplicit-function-declaration  -pipe   -c conftest.c"
conftest.c:6:3: error: #error 
conftest.c:7: error: expected identifier or ‘(’ before ‘>>’ token
checked program was:
/* begin */
1: #include "ruby.h"
2: 
3: #include <ncurses.h>
4: /*top*/
5: #ifndef set
6: # error
7: >>>>>> set undefined <<<<<<
8: #endif
/* end */

--------------------

have_func: checking for setscrreg()... -------------------- yes

"gcc -o conftest -I../../.ext/include/x86_64-darwin11.3.0 -I../.././include -I../.././ext/curses -I'/Users/tim/.rbenv/versions/1.9.3-probes/include'  -D_XOPEN_SOURCE -D_DARWIN_C_SOURCE  -I'/Users/tim/.rbenv/versions/1.9.3-probes/include'   -O3 -ggdb -Wextra -Wno-unused-parameter -Wno-parentheses -Wno-long-long -Wno-missing-field-initializers -Wpointer-arith -Wwrite-strings -Wdeclaration-after-statement -Wshorten-64-to-32 -Wimplicit-function-declaration  -pipe conftest.c  -L. -L../.. -L. -L'/Users/tim/.rbenv/versions/1.9.3-probes/lib'  -L/usr/local/lib    -lncurses -ltermcap  -lruby-static -lncurses -ltermcap  -lpthread -ldl -lobjc "
conftest.c: In function ‘t’:
conftest.c:5: error: ‘setscrreg’ undeclared (first use in this function)
conftest.c:5: error: (Each undeclared identifier is reported only once
conftest.c:5: error: for each function it appears in.)
checked program was:
/* begin */
1: #include "ruby.h"
2: 
3: /*top*/
4: int main() {return 0;}
5: int t() { void ((*volatile p)()); p = (void ((*)()))setscrreg; return 0; }
/* end */

"gcc -o conftest -I../../.ext/include/x86_64-darwin11.3.0 -I../.././include -I../.././ext/curses -I'/Users/tim/.rbenv/versions/1.9.3-probes/include'  -D_XOPEN_SOURCE -D_DARWIN_C_SOURCE  -I'/Users/tim/.rbenv/versions/1.9.3-probes/include'   -O3 -ggdb -Wextra -Wno-unused-parameter -Wno-parentheses -Wno-long-long -Wno-missing-field-initializers -Wpointer-arith -Wwrite-strings -Wdeclaration-after-statement -Wshorten-64-to-32 -Wimplicit-function-declaration  -pipe conftest.c  -L. -L../.. -L. -L'/Users/tim/.rbenv/versions/1.9.3-probes/lib'  -L/usr/local/lib    -lncurses -ltermcap  -lruby-static -lncurses -ltermcap  -lpthread -ldl -lobjc "
conftest.c: In function ‘t’:
conftest.c:5: warning: implicit declaration of function ‘setscrreg’
checked program was:
/* begin */
1: #include "ruby.h"
2: 
3: /*top*/
4: int main() {return 0;}
5: int t() { setscrreg(); return 0; }
/* end */

--------------------

have_func: checking for ungetch()... -------------------- yes

"gcc -o conftest -I../../.ext/include/x86_64-darwin11.3.0 -I../.././include -I../.././ext/curses -I'/Users/tim/.rbenv/versions/1.9.3-probes/include'  -D_XOPEN_SOURCE -D_DARWIN_C_SOURCE  -I'/Users/tim/.rbenv/versions/1.9.3-probes/include'   -O3 -ggdb -Wextra -Wno-unused-parameter -Wno-parentheses -Wno-long-long -Wno-missing-field-initializers -Wpointer-arith -Wwrite-strings -Wdeclaration-after-statement -Wshorten-64-to-32 -Wimplicit-function-declaration  -pipe conftest.c  -L. -L../.. -L. -L'/Users/tim/.rbenv/versions/1.9.3-probes/lib'  -L/usr/local/lib    -lncurses -ltermcap  -lruby-static -lncurses -ltermcap  -lpthread -ldl -lobjc "
conftest.c: In function ‘t’:
conftest.c:5: error: ‘ungetch’ undeclared (first use in this function)
conftest.c:5: error: (Each undeclared identifier is reported only once
conftest.c:5: error: for each function it appears in.)
checked program was:
/* begin */
1: #include "ruby.h"
2: 
3: /*top*/
4: int main() {return 0;}
5: int t() { void ((*volatile p)()); p = (void ((*)()))ungetch; return 0; }
/* end */

"gcc -o conftest -I../../.ext/include/x86_64-darwin11.3.0 -I../.././include -I../.././ext/curses -I'/Users/tim/.rbenv/versions/1.9.3-probes/include'  -D_XOPEN_SOURCE -D_DARWIN_C_SOURCE  -I'/Users/tim/.rbenv/versions/1.9.3-probes/include'   -O3 -ggdb -Wextra -Wno-unused-parameter -Wno-parentheses -Wno-long-long -Wno-missing-field-initializers -Wpointer-arith -Wwrite-strings -Wdeclaration-after-statement -Wshorten-64-to-32 -Wimplicit-function-declaration  -pipe conftest.c  -L. -L../.. -L. -L'/Users/tim/.rbenv/versions/1.9.3-probes/lib'  -L/usr/local/lib    -lncurses -ltermcap  -lruby-static -lncurses -ltermcap  -lpthread -ldl -lobjc "
conftest.c: In function ‘t’:
conftest.c:5: warning: implicit declaration of function ‘ungetch’
checked program was:
/* begin */
1: #include "ruby.h"
2: 
3: /*top*/
4: int main() {return 0;}
5: int t() { ungetch(); return 0; }
/* end */

--------------------

have_func: checking for wattroff()... -------------------- yes

"gcc -o conftest -I../../.ext/include/x86_64-darwin11.3.0 -I../.././include -I../.././ext/curses -I'/Users/tim/.rbenv/versions/1.9.3-probes/include'  -D_XOPEN_SOURCE -D_DARWIN_C_SOURCE  -I'/Users/tim/.rbenv/versions/1.9.3-probes/include'   -O3 -ggdb -Wextra -Wno-unused-parameter -Wno-parentheses -Wno-long-long -Wno-missing-field-initializers -Wpointer-arith -Wwrite-strings -Wdeclaration-after-statement -Wshorten-64-to-32 -Wimplicit-function-declaration  -pipe conftest.c  -L. -L../.. -L. -L'/Users/tim/.rbenv/versions/1.9.3-probes/lib'  -L/usr/local/lib    -lncurses -ltermcap  -lruby-static -lncurses -ltermcap  -lpthread -ldl -lobjc "
conftest.c: In function ‘t’:
conftest.c:5: error: ‘wattroff’ undeclared (first use in this function)
conftest.c:5: error: (Each undeclared identifier is reported only once
conftest.c:5: error: for each function it appears in.)
checked program was:
/* begin */
1: #include "ruby.h"
2: 
3: /*top*/
4: int main() {return 0;}
5: int t() { void ((*volatile p)()); p = (void ((*)()))wattroff; return 0; }
/* end */

"gcc -o conftest -I../../.ext/include/x86_64-darwin11.3.0 -I../.././include -I../.././ext/curses -I'/Users/tim/.rbenv/versions/1.9.3-probes/include'  -D_XOPEN_SOURCE -D_DARWIN_C_SOURCE  -I'/Users/tim/.rbenv/versions/1.9.3-probes/include'   -O3 -ggdb -Wextra -Wno-unused-parameter -Wno-parentheses -Wno-long-long -Wno-missing-field-initializers -Wpointer-arith -Wwrite-strings -Wdeclaration-after-statement -Wshorten-64-to-32 -Wimplicit-function-declaration  -pipe conftest.c  -L. -L../.. -L. -L'/Users/tim/.rbenv/versions/1.9.3-probes/lib'  -L/usr/local/lib    -lncurses -ltermcap  -lruby-static -lncurses -ltermcap  -lpthread -ldl -lobjc "
conftest.c: In function ‘t’:
conftest.c:5: warning: implicit declaration of function ‘wattroff’
checked program was:
/* begin */
1: #include "ruby.h"
2: 
3: /*top*/
4: int main() {return 0;}
5: int t() { wattroff(); return 0; }
/* end */

--------------------

have_func: checking for wattron()... -------------------- yes

"gcc -o conftest -I../../.ext/include/x86_64-darwin11.3.0 -I../.././include -I../.././ext/curses -I'/Users/tim/.rbenv/versions/1.9.3-probes/include'  -D_XOPEN_SOURCE -D_DARWIN_C_SOURCE  -I'/Users/tim/.rbenv/versions/1.9.3-probes/include'   -O3 -ggdb -Wextra -Wno-unused-parameter -Wno-parentheses -Wno-long-long -Wno-missing-field-initializers -Wpointer-arith -Wwrite-strings -Wdeclaration-after-statement -Wshorten-64-to-32 -Wimplicit-function-declaration  -pipe conftest.c  -L. -L../.. -L. -L'/Users/tim/.rbenv/versions/1.9.3-probes/lib'  -L/usr/local/lib    -lncurses -ltermcap  -lruby-static -lncurses -ltermcap  -lpthread -ldl -lobjc "
conftest.c: In function ‘t’:
conftest.c:5: error: ‘wattron’ undeclared (first use in this function)
conftest.c:5: error: (Each undeclared identifier is reported only once
conftest.c:5: error: for each function it appears in.)
checked program was:
/* begin */
1: #include "ruby.h"
2: 
3: /*top*/
4: int main() {return 0;}
5: int t() { void ((*volatile p)()); p = (void ((*)()))wattron; return 0; }
/* end */

"gcc -o conftest -I../../.ext/include/x86_64-darwin11.3.0 -I../.././include -I../.././ext/curses -I'/Users/tim/.rbenv/versions/1.9.3-probes/include'  -D_XOPEN_SOURCE -D_DARWIN_C_SOURCE  -I'/Users/tim/.rbenv/versions/1.9.3-probes/include'   -O3 -ggdb -Wextra -Wno-unused-parameter -Wno-parentheses -Wno-long-long -Wno-missing-field-initializers -Wpointer-arith -Wwrite-strings -Wdeclaration-after-statement -Wshorten-64-to-32 -Wimplicit-function-declaration  -pipe conftest.c  -L. -L../.. -L. -L'/Users/tim/.rbenv/versions/1.9.3-probes/lib'  -L/usr/local/lib    -lncurses -ltermcap  -lruby-static -lncurses -ltermcap  -lpthread -ldl -lobjc "
conftest.c: In function ‘t’:
conftest.c:5: warning: implicit declaration of function ‘wattron’
checked program was:
/* begin */
1: #include "ruby.h"
2: 
3: /*top*/
4: int main() {return 0;}
5: int t() { wattron(); return 0; }
/* end */

--------------------

have_func: checking for wattrset()... -------------------- yes

"gcc -o conftest -I../../.ext/include/x86_64-darwin11.3.0 -I../.././include -I../.././ext/curses -I'/Users/tim/.rbenv/versions/1.9.3-probes/include'  -D_XOPEN_SOURCE -D_DARWIN_C_SOURCE  -I'/Users/tim/.rbenv/versions/1.9.3-probes/include'   -O3 -ggdb -Wextra -Wno-unused-parameter -Wno-parentheses -Wno-long-long -Wno-missing-field-initializers -Wpointer-arith -Wwrite-strings -Wdeclaration-after-statement -Wshorten-64-to-32 -Wimplicit-function-declaration  -pipe conftest.c  -L. -L../.. -L. -L'/Users/tim/.rbenv/versions/1.9.3-probes/lib'  -L/usr/local/lib    -lncurses -ltermcap  -lruby-static -lncurses -ltermcap  -lpthread -ldl -lobjc "
conftest.c: In function ‘t’:
conftest.c:5: error: ‘wattrset’ undeclared (first use in this function)
conftest.c:5: error: (Each undeclared identifier is reported only once
conftest.c:5: error: for each function it appears in.)
checked program was:
/* begin */
1: #include "ruby.h"
2: 
3: /*top*/
4: int main() {return 0;}
5: int t() { void ((*volatile p)()); p = (void ((*)()))wattrset; return 0; }
/* end */

"gcc -o conftest -I../../.ext/include/x86_64-darwin11.3.0 -I../.././include -I../.././ext/curses -I'/Users/tim/.rbenv/versions/1.9.3-probes/include'  -D_XOPEN_SOURCE -D_DARWIN_C_SOURCE  -I'/Users/tim/.rbenv/versions/1.9.3-probes/include'   -O3 -ggdb -Wextra -Wno-unused-parameter -Wno-parentheses -Wno-long-long -Wno-missing-field-initializers -Wpointer-arith -Wwrite-strings -Wdeclaration-after-statement -Wshorten-64-to-32 -Wimplicit-function-declaration  -pipe conftest.c  -L. -L../.. -L. -L'/Users/tim/.rbenv/versions/1.9.3-probes/lib'  -L/usr/local/lib    -lncurses -ltermcap  -lruby-static -lncurses -ltermcap  -lpthread -ldl -lobjc "
conftest.c: In function ‘t’:
conftest.c:5: warning: implicit declaration of function ‘wattrset’
checked program was:
/* begin */
1: #include "ruby.h"
2: 
3: /*top*/
4: int main() {return 0;}
5: int t() { wattrset(); return 0; }
/* end */

--------------------

have_func: checking for wbkgd()... -------------------- yes

"gcc -o conftest -I../../.ext/include/x86_64-darwin11.3.0 -I../.././include -I../.././ext/curses -I'/Users/tim/.rbenv/versions/1.9.3-probes/include'  -D_XOPEN_SOURCE -D_DARWIN_C_SOURCE  -I'/Users/tim/.rbenv/versions/1.9.3-probes/include'   -O3 -ggdb -Wextra -Wno-unused-parameter -Wno-parentheses -Wno-long-long -Wno-missing-field-initializers -Wpointer-arith -Wwrite-strings -Wdeclaration-after-statement -Wshorten-64-to-32 -Wimplicit-function-declaration  -pipe conftest.c  -L. -L../.. -L. -L'/Users/tim/.rbenv/versions/1.9.3-probes/lib'  -L/usr/local/lib    -lncurses -ltermcap  -lruby-static -lncurses -ltermcap  -lpthread -ldl -lobjc "
conftest.c: In function ‘t’:
conftest.c:5: error: ‘wbkgd’ undeclared (first use in this function)
conftest.c:5: error: (Each undeclared identifier is reported only once
conftest.c:5: error: for each function it appears in.)
checked program was:
/* begin */
1: #include "ruby.h"
2: 
3: /*top*/
4: int main() {return 0;}
5: int t() { void ((*volatile p)()); p = (void ((*)()))wbkgd; return 0; }
/* end */

"gcc -o conftest -I../../.ext/include/x86_64-darwin11.3.0 -I../.././include -I../.././ext/curses -I'/Users/tim/.rbenv/versions/1.9.3-probes/include'  -D_XOPEN_SOURCE -D_DARWIN_C_SOURCE  -I'/Users/tim/.rbenv/versions/1.9.3-probes/include'   -O3 -ggdb -Wextra -Wno-unused-parameter -Wno-parentheses -Wno-long-long -Wno-missing-field-initializers -Wpointer-arith -Wwrite-strings -Wdeclaration-after-statement -Wshorten-64-to-32 -Wimplicit-function-declaration  -pipe conftest.c  -L. -L../.. -L. -L'/Users/tim/.rbenv/versions/1.9.3-probes/lib'  -L/usr/local/lib    -lncurses -ltermcap  -lruby-static -lncurses -ltermcap  -lpthread -ldl -lobjc "
conftest.c: In function ‘t’:
conftest.c:5: warning: implicit declaration of function ‘wbkgd’
checked program was:
/* begin */
1: #include "ruby.h"
2: 
3: /*top*/
4: int main() {return 0;}
5: int t() { wbkgd(); return 0; }
/* end */

--------------------

have_func: checking for wbkgdset()... -------------------- yes

"gcc -o conftest -I../../.ext/include/x86_64-darwin11.3.0 -I../.././include -I../.././ext/curses -I'/Users/tim/.rbenv/versions/1.9.3-probes/include'  -D_XOPEN_SOURCE -D_DARWIN_C_SOURCE  -I'/Users/tim/.rbenv/versions/1.9.3-probes/include'   -O3 -ggdb -Wextra -Wno-unused-parameter -Wno-parentheses -Wno-long-long -Wno-missing-field-initializers -Wpointer-arith -Wwrite-strings -Wdeclaration-after-statement -Wshorten-64-to-32 -Wimplicit-function-declaration  -pipe conftest.c  -L. -L../.. -L. -L'/Users/tim/.rbenv/versions/1.9.3-probes/lib'  -L/usr/local/lib    -lncurses -ltermcap  -lruby-static -lncurses -ltermcap  -lpthread -ldl -lobjc "
conftest.c: In function ‘t’:
conftest.c:5: error: ‘wbkgdset’ undeclared (first use in this function)
conftest.c:5: error: (Each undeclared identifier is reported only once
conftest.c:5: error: for each function it appears in.)
checked program was:
/* begin */
1: #include "ruby.h"
2: 
3: /*top*/
4: int main() {return 0;}
5: int t() { void ((*volatile p)()); p = (void ((*)()))wbkgdset; return 0; }
/* end */

"gcc -o conftest -I../../.ext/include/x86_64-darwin11.3.0 -I../.././include -I../.././ext/curses -I'/Users/tim/.rbenv/versions/1.9.3-probes/include'  -D_XOPEN_SOURCE -D_DARWIN_C_SOURCE  -I'/Users/tim/.rbenv/versions/1.9.3-probes/include'   -O3 -ggdb -Wextra -Wno-unused-parameter -Wno-parentheses -Wno-long-long -Wno-missing-field-initializers -Wpointer-arith -Wwrite-strings -Wdeclaration-after-statement -Wshorten-64-to-32 -Wimplicit-function-declaration  -pipe conftest.c  -L. -L../.. -L. -L'/Users/tim/.rbenv/versions/1.9.3-probes/lib'  -L/usr/local/lib    -lncurses -ltermcap  -lruby-static -lncurses -ltermcap  -lpthread -ldl -lobjc "
conftest.c: In function ‘t’:
conftest.c:5: warning: implicit declaration of function ‘wbkgdset’
checked program was:
/* begin */
1: #include "ruby.h"
2: 
3: /*top*/
4: int main() {return 0;}
5: int t() { wbkgdset(); return 0; }
/* end */

--------------------

have_func: checking for wdeleteln()... -------------------- yes

"gcc -o conftest -I../../.ext/include/x86_64-darwin11.3.0 -I../.././include -I../.././ext/curses -I'/Users/tim/.rbenv/versions/1.9.3-probes/include'  -D_XOPEN_SOURCE -D_DARWIN_C_SOURCE  -I'/Users/tim/.rbenv/versions/1.9.3-probes/include'   -O3 -ggdb -Wextra -Wno-unused-parameter -Wno-parentheses -Wno-long-long -Wno-missing-field-initializers -Wpointer-arith -Wwrite-strings -Wdeclaration-after-statement -Wshorten-64-to-32 -Wimplicit-function-declaration  -pipe conftest.c  -L. -L../.. -L. -L'/Users/tim/.rbenv/versions/1.9.3-probes/lib'  -L/usr/local/lib    -lncurses -ltermcap  -lruby-static -lncurses -ltermcap  -lpthread -ldl -lobjc "
conftest.c: In function ‘t’:
conftest.c:5: error: ‘wdeleteln’ undeclared (first use in this function)
conftest.c:5: error: (Each undeclared identifier is reported only once
conftest.c:5: error: for each function it appears in.)
checked program was:
/* begin */
1: #include "ruby.h"
2: 
3: /*top*/
4: int main() {return 0;}
5: int t() { void ((*volatile p)()); p = (void ((*)()))wdeleteln; return 0; }
/* end */

"gcc -o conftest -I../../.ext/include/x86_64-darwin11.3.0 -I../.././include -I../.././ext/curses -I'/Users/tim/.rbenv/versions/1.9.3-probes/include'  -D_XOPEN_SOURCE -D_DARWIN_C_SOURCE  -I'/Users/tim/.rbenv/versions/1.9.3-probes/include'   -O3 -ggdb -Wextra -Wno-unused-parameter -Wno-parentheses -Wno-long-long -Wno-missing-field-initializers -Wpointer-arith -Wwrite-strings -Wdeclaration-after-statement -Wshorten-64-to-32 -Wimplicit-function-declaration  -pipe conftest.c  -L. -L../.. -L. -L'/Users/tim/.rbenv/versions/1.9.3-probes/lib'  -L/usr/local/lib    -lncurses -ltermcap  -lruby-static -lncurses -ltermcap  -lpthread -ldl -lobjc "
conftest.c: In function ‘t’:
conftest.c:5: warning: implicit declaration of function ‘wdeleteln’
checked program was:
/* begin */
1: #include "ruby.h"
2: 
3: /*top*/
4: int main() {return 0;}
5: int t() { wdeleteln(); return 0; }
/* end */

--------------------

have_func: checking for wgetnstr()... -------------------- yes

"gcc -o conftest -I../../.ext/include/x86_64-darwin11.3.0 -I../.././include -I../.././ext/curses -I'/Users/tim/.rbenv/versions/1.9.3-probes/include'  -D_XOPEN_SOURCE -D_DARWIN_C_SOURCE  -I'/Users/tim/.rbenv/versions/1.9.3-probes/include'   -O3 -ggdb -Wextra -Wno-unused-parameter -Wno-parentheses -Wno-long-long -Wno-missing-field-initializers -Wpointer-arith -Wwrite-strings -Wdeclaration-after-statement -Wshorten-64-to-32 -Wimplicit-function-declaration  -pipe conftest.c  -L. -L../.. -L. -L'/Users/tim/.rbenv/versions/1.9.3-probes/lib'  -L/usr/local/lib    -lncurses -ltermcap  -lruby-static -lncurses -ltermcap  -lpthread -ldl -lobjc "
conftest.c: In function ‘t’:
conftest.c:5: error: ‘wgetnstr’ undeclared (first use in this function)
conftest.c:5: error: (Each undeclared identifier is reported only once
conftest.c:5: error: for each function it appears in.)
checked program was:
/* begin */
1: #include "ruby.h"
2: 
3: /*top*/
4: int main() {return 0;}
5: int t() { void ((*volatile p)()); p = (void ((*)()))wgetnstr; return 0; }
/* end */

"gcc -o conftest -I../../.ext/include/x86_64-darwin11.3.0 -I../.././include -I../.././ext/curses -I'/Users/tim/.rbenv/versions/1.9.3-probes/include'  -D_XOPEN_SOURCE -D_DARWIN_C_SOURCE  -I'/Users/tim/.rbenv/versions/1.9.3-probes/include'   -O3 -ggdb -Wextra -Wno-unused-parameter -Wno-parentheses -Wno-long-long -Wno-missing-field-initializers -Wpointer-arith -Wwrite-strings -Wdeclaration-after-statement -Wshorten-64-to-32 -Wimplicit-function-declaration  -pipe conftest.c  -L. -L../.. -L. -L'/Users/tim/.rbenv/versions/1.9.3-probes/lib'  -L/usr/local/lib    -lncurses -ltermcap  -lruby-static -lncurses -ltermcap  -lpthread -ldl -lobjc "
conftest.c: In function ‘t’:
conftest.c:5: warning: implicit declaration of function ‘wgetnstr’
checked program was:
/* begin */
1: #include "ruby.h"
2: 
3: /*top*/
4: int main() {return 0;}
5: int t() { wgetnstr(); return 0; }
/* end */

--------------------

have_func: checking for wresize()... -------------------- yes

"gcc -o conftest -I../../.ext/include/x86_64-darwin11.3.0 -I../.././include -I../.././ext/curses -I'/Users/tim/.rbenv/versions/1.9.3-probes/include'  -D_XOPEN_SOURCE -D_DARWIN_C_SOURCE  -I'/Users/tim/.rbenv/versions/1.9.3-probes/include'   -O3 -ggdb -Wextra -Wno-unused-parameter -Wno-parentheses -Wno-long-long -Wno-missing-field-initializers -Wpointer-arith -Wwrite-strings -Wdeclaration-after-statement -Wshorten-64-to-32 -Wimplicit-function-declaration  -pipe conftest.c  -L. -L../.. -L. -L'/Users/tim/.rbenv/versions/1.9.3-probes/lib'  -L/usr/local/lib    -lncurses -ltermcap  -lruby-static -lncurses -ltermcap  -lpthread -ldl -lobjc "
conftest.c: In function ‘t’:
conftest.c:5: error: ‘wresize’ undeclared (first use in this function)
conftest.c:5: error: (Each undeclared identifier is reported only once
conftest.c:5: error: for each function it appears in.)
checked program was:
/* begin */
1: #include "ruby.h"
2: 
3: /*top*/
4: int main() {return 0;}
5: int t() { void ((*volatile p)()); p = (void ((*)()))wresize; return 0; }
/* end */

"gcc -o conftest -I../../.ext/include/x86_64-darwin11.3.0 -I../.././include -I../.././ext/curses -I'/Users/tim/.rbenv/versions/1.9.3-probes/include'  -D_XOPEN_SOURCE -D_DARWIN_C_SOURCE  -I'/Users/tim/.rbenv/versions/1.9.3-probes/include'   -O3 -ggdb -Wextra -Wno-unused-parameter -Wno-parentheses -Wno-long-long -Wno-missing-field-initializers -Wpointer-arith -Wwrite-strings -Wdeclaration-after-statement -Wshorten-64-to-32 -Wimplicit-function-declaration  -pipe conftest.c  -L. -L../.. -L. -L'/Users/tim/.rbenv/versions/1.9.3-probes/lib'  -L/usr/local/lib    -lncurses -ltermcap  -lruby-static -lncurses -ltermcap  -lpthread -ldl -lobjc "
conftest.c: In function ‘t’:
conftest.c:5: warning: implicit declaration of function ‘wresize’
checked program was:
/* begin */
1: #include "ruby.h"
2: 
3: /*top*/
4: int main() {return 0;}
5: int t() { wresize(); return 0; }
/* end */

--------------------

have_func: checking for wscrl()... -------------------- yes

"gcc -o conftest -I../../.ext/include/x86_64-darwin11.3.0 -I../.././include -I../.././ext/curses -I'/Users/tim/.rbenv/versions/1.9.3-probes/include'  -D_XOPEN_SOURCE -D_DARWIN_C_SOURCE  -I'/Users/tim/.rbenv/versions/1.9.3-probes/include'   -O3 -ggdb -Wextra -Wno-unused-parameter -Wno-parentheses -Wno-long-long -Wno-missing-field-initializers -Wpointer-arith -Wwrite-strings -Wdeclaration-after-statement -Wshorten-64-to-32 -Wimplicit-function-declaration  -pipe conftest.c  -L. -L../.. -L. -L'/Users/tim/.rbenv/versions/1.9.3-probes/lib'  -L/usr/local/lib    -lncurses -ltermcap  -lruby-static -lncurses -ltermcap  -lpthread -ldl -lobjc "
conftest.c: In function ‘t’:
conftest.c:5: error: ‘wscrl’ undeclared (first use in this function)
conftest.c:5: error: (Each undeclared identifier is reported only once
conftest.c:5: error: for each function it appears in.)
checked program was:
/* begin */
1: #include "ruby.h"
2: 
3: /*top*/
4: int main() {return 0;}
5: int t() { void ((*volatile p)()); p = (void ((*)()))wscrl; return 0; }
/* end */

"gcc -o conftest -I../../.ext/include/x86_64-darwin11.3.0 -I../.././include -I../.././ext/curses -I'/Users/tim/.rbenv/versions/1.9.3-probes/include'  -D_XOPEN_SOURCE -D_DARWIN_C_SOURCE  -I'/Users/tim/.rbenv/versions/1.9.3-probes/include'   -O3 -ggdb -Wextra -Wno-unused-parameter -Wno-parentheses -Wno-long-long -Wno-missing-field-initializers -Wpointer-arith -Wwrite-strings -Wdeclaration-after-statement -Wshorten-64-to-32 -Wimplicit-function-declaration  -pipe conftest.c  -L. -L../.. -L. -L'/Users/tim/.rbenv/versions/1.9.3-probes/lib'  -L/usr/local/lib    -lncurses -ltermcap  -lruby-static -lncurses -ltermcap  -lpthread -ldl -lobjc "
conftest.c: In function ‘t’:
conftest.c:5: warning: implicit declaration of function ‘wscrl’
checked program was:
/* begin */
1: #include "ruby.h"
2: 
3: /*top*/
4: int main() {return 0;}
5: int t() { wscrl(); return 0; }
/* end */

--------------------

have_func: checking for wsetscrreg()... -------------------- yes

"gcc -o conftest -I../../.ext/include/x86_64-darwin11.3.0 -I../.././include -I../.././ext/curses -I'/Users/tim/.rbenv/versions/1.9.3-probes/include'  -D_XOPEN_SOURCE -D_DARWIN_C_SOURCE  -I'/Users/tim/.rbenv/versions/1.9.3-probes/include'   -O3 -ggdb -Wextra -Wno-unused-parameter -Wno-parentheses -Wno-long-long -Wno-missing-field-initializers -Wpointer-arith -Wwrite-strings -Wdeclaration-after-statement -Wshorten-64-to-32 -Wimplicit-function-declaration  -pipe conftest.c  -L. -L../.. -L. -L'/Users/tim/.rbenv/versions/1.9.3-probes/lib'  -L/usr/local/lib    -lncurses -ltermcap  -lruby-static -lncurses -ltermcap  -lpthread -ldl -lobjc "
conftest.c: In function ‘t’:
conftest.c:5: error: ‘wsetscrreg’ undeclared (first use in this function)
conftest.c:5: error: (Each undeclared identifier is reported only once
conftest.c:5: error: for each function it appears in.)
checked program was:
/* begin */
1: #include "ruby.h"
2: 
3: /*top*/
4: int main() {return 0;}
5: int t() { void ((*volatile p)()); p = (void ((*)()))wsetscrreg; return 0; }
/* end */

"gcc -o conftest -I../../.ext/include/x86_64-darwin11.3.0 -I../.././include -I../.././ext/curses -I'/Users/tim/.rbenv/versions/1.9.3-probes/include'  -D_XOPEN_SOURCE -D_DARWIN_C_SOURCE  -I'/Users/tim/.rbenv/versions/1.9.3-probes/include'   -O3 -ggdb -Wextra -Wno-unused-parameter -Wno-parentheses -Wno-long-long -Wno-missing-field-initializers -Wpointer-arith -Wwrite-strings -Wdeclaration-after-statement -Wshorten-64-to-32 -Wimplicit-function-declaration  -pipe conftest.c  -L. -L../.. -L. -L'/Users/tim/.rbenv/versions/1.9.3-probes/lib'  -L/usr/local/lib    -lncurses -ltermcap  -lruby-static -lncurses -ltermcap  -lpthread -ldl -lobjc "
conftest.c: In function ‘t’:
conftest.c:5: warning: implicit declaration of function ‘wsetscrreg’
checked program was:
/* begin */
1: #include "ruby.h"
2: 
3: /*top*/
4: int main() {return 0;}
5: int t() { wsetscrreg(); return 0; }
/* end */

--------------------

have_func: checking for def_prog_mode()... -------------------- yes

"gcc -o conftest -I../../.ext/include/x86_64-darwin11.3.0 -I../.././include -I../.././ext/curses -I'/Users/tim/.rbenv/versions/1.9.3-probes/include'  -D_XOPEN_SOURCE -D_DARWIN_C_SOURCE  -I'/Users/tim/.rbenv/versions/1.9.3-probes/include'   -O3 -ggdb -Wextra -Wno-unused-parameter -Wno-parentheses -Wno-long-long -Wno-missing-field-initializers -Wpointer-arith -Wwrite-strings -Wdeclaration-after-statement -Wshorten-64-to-32 -Wimplicit-function-declaration  -pipe conftest.c  -L. -L../.. -L. -L'/Users/tim/.rbenv/versions/1.9.3-probes/lib'  -L/usr/local/lib    -lncurses -ltermcap  -lruby-static -lncurses -ltermcap  -lpthread -ldl -lobjc "
conftest.c: In function ‘t’:
conftest.c:5: error: ‘def_prog_mode’ undeclared (first use in this function)
conftest.c:5: error: (Each undeclared identifier is reported only once
conftest.c:5: error: for each function it appears in.)
checked program was:
/* begin */
1: #include "ruby.h"
2: 
3: /*top*/
4: int main() {return 0;}
5: int t() { void ((*volatile p)()); p = (void ((*)()))def_prog_mode; return 0; }
/* end */

"gcc -o conftest -I../../.ext/include/x86_64-darwin11.3.0 -I../.././include -I../.././ext/curses -I'/Users/tim/.rbenv/versions/1.9.3-probes/include'  -D_XOPEN_SOURCE -D_DARWIN_C_SOURCE  -I'/Users/tim/.rbenv/versions/1.9.3-probes/include'   -O3 -ggdb -Wextra -Wno-unused-parameter -Wno-parentheses -Wno-long-long -Wno-missing-field-initializers -Wpointer-arith -Wwrite-strings -Wdeclaration-after-statement -Wshorten-64-to-32 -Wimplicit-function-declaration  -pipe conftest.c  -L. -L../.. -L. -L'/Users/tim/.rbenv/versions/1.9.3-probes/lib'  -L/usr/local/lib    -lncurses -ltermcap  -lruby-static -lncurses -ltermcap  -lpthread -ldl -lobjc "
conftest.c: In function ‘t’:
conftest.c:5: warning: implicit declaration of function ‘def_prog_mode’
checked program was:
/* begin */
1: #include "ruby.h"
2: 
3: /*top*/
4: int main() {return 0;}
5: int t() { def_prog_mode(); return 0; }
/* end */

--------------------

have_func: checking for reset_prog_mode()... -------------------- yes

"gcc -o conftest -I../../.ext/include/x86_64-darwin11.3.0 -I../.././include -I../.././ext/curses -I'/Users/tim/.rbenv/versions/1.9.3-probes/include'  -D_XOPEN_SOURCE -D_DARWIN_C_SOURCE  -I'/Users/tim/.rbenv/versions/1.9.3-probes/include'   -O3 -ggdb -Wextra -Wno-unused-parameter -Wno-parentheses -Wno-long-long -Wno-missing-field-initializers -Wpointer-arith -Wwrite-strings -Wdeclaration-after-statement -Wshorten-64-to-32 -Wimplicit-function-declaration  -pipe conftest.c  -L. -L../.. -L. -L'/Users/tim/.rbenv/versions/1.9.3-probes/lib'  -L/usr/local/lib    -lncurses -ltermcap  -lruby-static -lncurses -ltermcap  -lpthread -ldl -lobjc "
conftest.c: In function ‘t’:
conftest.c:5: error: ‘reset_prog_mode’ undeclared (first use in this function)
conftest.c:5: error: (Each undeclared identifier is reported only once
conftest.c:5: error: for each function it appears in.)
checked program was:
/* begin */
1: #include "ruby.h"
2: 
3: /*top*/
4: int main() {return 0;}
5: int t() { void ((*volatile p)()); p = (void ((*)()))reset_prog_mode; return 0; }
/* end */

"gcc -o conftest -I../../.ext/include/x86_64-darwin11.3.0 -I../.././include -I../.././ext/curses -I'/Users/tim/.rbenv/versions/1.9.3-probes/include'  -D_XOPEN_SOURCE -D_DARWIN_C_SOURCE  -I'/Users/tim/.rbenv/versions/1.9.3-probes/include'   -O3 -ggdb -Wextra -Wno-unused-parameter -Wno-parentheses -Wno-long-long -Wno-missing-field-initializers -Wpointer-arith -Wwrite-strings -Wdeclaration-after-statement -Wshorten-64-to-32 -Wimplicit-function-declaration  -pipe conftest.c  -L. -L../.. -L. -L'/Users/tim/.rbenv/versions/1.9.3-probes/lib'  -L/usr/local/lib    -lncurses -ltermcap  -lruby-static -lncurses -ltermcap  -lpthread -ldl -lobjc "
conftest.c: In function ‘t’:
conftest.c:5: warning: implicit declaration of function ‘reset_prog_mode’
checked program was:
/* begin */
1: #include "ruby.h"
2: 
3: /*top*/
4: int main() {return 0;}
5: int t() { reset_prog_mode(); return 0; }
/* end */

--------------------

have_func: checking for timeout()... -------------------- yes

"gcc -o conftest -I../../.ext/include/x86_64-darwin11.3.0 -I../.././include -I../.././ext/curses -I'/Users/tim/.rbenv/versions/1.9.3-probes/include'  -D_XOPEN_SOURCE -D_DARWIN_C_SOURCE  -I'/Users/tim/.rbenv/versions/1.9.3-probes/include'   -O3 -ggdb -Wextra -Wno-unused-parameter -Wno-parentheses -Wno-long-long -Wno-missing-field-initializers -Wpointer-arith -Wwrite-strings -Wdeclaration-after-statement -Wshorten-64-to-32 -Wimplicit-function-declaration  -pipe conftest.c  -L. -L../.. -L. -L'/Users/tim/.rbenv/versions/1.9.3-probes/lib'  -L/usr/local/lib    -lncurses -ltermcap  -lruby-static -lncurses -ltermcap  -lpthread -ldl -lobjc "
conftest.c: In function ‘t’:
conftest.c:5: error: ‘timeout’ undeclared (first use in this function)
conftest.c:5: error: (Each undeclared identifier is reported only once
conftest.c:5: error: for each function it appears in.)
checked program was:
/* begin */
1: #include "ruby.h"
2: 
3: /*top*/
4: int main() {return 0;}
5: int t() { void ((*volatile p)()); p = (void ((*)()))timeout; return 0; }
/* end */

"gcc -o conftest -I../../.ext/include/x86_64-darwin11.3.0 -I../.././include -I../.././ext/curses -I'/Users/tim/.rbenv/versions/1.9.3-probes/include'  -D_XOPEN_SOURCE -D_DARWIN_C_SOURCE  -I'/Users/tim/.rbenv/versions/1.9.3-probes/include'   -O3 -ggdb -Wextra -Wno-unused-parameter -Wno-parentheses -Wno-long-long -Wno-missing-field-initializers -Wpointer-arith -Wwrite-strings -Wdeclaration-after-statement -Wshorten-64-to-32 -Wimplicit-function-declaration  -pipe conftest.c  -L. -L../.. -L. -L'/Users/tim/.rbenv/versions/1.9.3-probes/lib'  -L/usr/local/lib    -lncurses -ltermcap  -lruby-static -lncurses -ltermcap  -lpthread -ldl -lobjc "
conftest.c: In function ‘t’:
conftest.c:5: warning: implicit declaration of function ‘timeout’
checked program was:
/* begin */
1: #include "ruby.h"
2: 
3: /*top*/
4: int main() {return 0;}
5: int t() { timeout(); return 0; }
/* end */

--------------------

have_func: checking for wtimeout()... -------------------- yes

"gcc -o conftest -I../../.ext/include/x86_64-darwin11.3.0 -I../.././include -I../.././ext/curses -I'/Users/tim/.rbenv/versions/1.9.3-probes/include'  -D_XOPEN_SOURCE -D_DARWIN_C_SOURCE  -I'/Users/tim/.rbenv/versions/1.9.3-probes/include'   -O3 -ggdb -Wextra -Wno-unused-parameter -Wno-parentheses -Wno-long-long -Wno-missing-field-initializers -Wpointer-arith -Wwrite-strings -Wdeclaration-after-statement -Wshorten-64-to-32 -Wimplicit-function-declaration  -pipe conftest.c  -L. -L../.. -L. -L'/Users/tim/.rbenv/versions/1.9.3-probes/lib'  -L/usr/local/lib    -lncurses -ltermcap  -lruby-static -lncurses -ltermcap  -lpthread -ldl -lobjc "
conftest.c: In function ‘t’:
conftest.c:5: error: ‘wtimeout’ undeclared (first use in this function)
conftest.c:5: error: (Each undeclared identifier is reported only once
conftest.c:5: error: for each function it appears in.)
checked program was:
/* begin */
1: #include "ruby.h"
2: 
3: /*top*/
4: int main() {return 0;}
5: int t() { void ((*volatile p)()); p = (void ((*)()))wtimeout; return 0; }
/* end */

"gcc -o conftest -I../../.ext/include/x86_64-darwin11.3.0 -I../.././include -I../.././ext/curses -I'/Users/tim/.rbenv/versions/1.9.3-probes/include'  -D_XOPEN_SOURCE -D_DARWIN_C_SOURCE  -I'/Users/tim/.rbenv/versions/1.9.3-probes/include'   -O3 -ggdb -Wextra -Wno-unused-parameter -Wno-parentheses -Wno-long-long -Wno-missing-field-initializers -Wpointer-arith -Wwrite-strings -Wdeclaration-after-statement -Wshorten-64-to-32 -Wimplicit-function-declaration  -pipe conftest.c  -L. -L../.. -L. -L'/Users/tim/.rbenv/versions/1.9.3-probes/lib'  -L/usr/local/lib    -lncurses -ltermcap  -lruby-static -lncurses -ltermcap  -lpthread -ldl -lobjc "
conftest.c: In function ‘t’:
conftest.c:5: warning: implicit declaration of function ‘wtimeout’
checked program was:
/* begin */
1: #include "ruby.h"
2: 
3: /*top*/
4: int main() {return 0;}
5: int t() { wtimeout(); return 0; }
/* end */

--------------------

have_func: checking for nodelay()... -------------------- yes

"gcc -o conftest -I../../.ext/include/x86_64-darwin11.3.0 -I../.././include -I../.././ext/curses -I'/Users/tim/.rbenv/versions/1.9.3-probes/include'  -D_XOPEN_SOURCE -D_DARWIN_C_SOURCE  -I'/Users/tim/.rbenv/versions/1.9.3-probes/include'   -O3 -ggdb -Wextra -Wno-unused-parameter -Wno-parentheses -Wno-long-long -Wno-missing-field-initializers -Wpointer-arith -Wwrite-strings -Wdeclaration-after-statement -Wshorten-64-to-32 -Wimplicit-function-declaration  -pipe conftest.c  -L. -L../.. -L. -L'/Users/tim/.rbenv/versions/1.9.3-probes/lib'  -L/usr/local/lib    -lncurses -ltermcap  -lruby-static -lncurses -ltermcap  -lpthread -ldl -lobjc "
conftest.c: In function ‘t’:
conftest.c:5: error: ‘nodelay’ undeclared (first use in this function)
conftest.c:5: error: (Each undeclared identifier is reported only once
conftest.c:5: error: for each function it appears in.)
checked program was:
/* begin */
1: #include "ruby.h"
2: 
3: /*top*/
4: int main() {return 0;}
5: int t() { void ((*volatile p)()); p = (void ((*)()))nodelay; return 0; }
/* end */

"gcc -o conftest -I../../.ext/include/x86_64-darwin11.3.0 -I../.././include -I../.././ext/curses -I'/Users/tim/.rbenv/versions/1.9.3-probes/include'  -D_XOPEN_SOURCE -D_DARWIN_C_SOURCE  -I'/Users/tim/.rbenv/versions/1.9.3-probes/include'   -O3 -ggdb -Wextra -Wno-unused-parameter -Wno-parentheses -Wno-long-long -Wno-missing-field-initializers -Wpointer-arith -Wwrite-strings -Wdeclaration-after-statement -Wshorten-64-to-32 -Wimplicit-function-declaration  -pipe conftest.c  -L. -L../.. -L. -L'/Users/tim/.rbenv/versions/1.9.3-probes/lib'  -L/usr/local/lib    -lncurses -ltermcap  -lruby-static -lncurses -ltermcap  -lpthread -ldl -lobjc "
conftest.c: In function ‘t’:
conftest.c:5: warning: implicit declaration of function ‘nodelay’
checked program was:
/* begin */
1: #include "ruby.h"
2: 
3: /*top*/
4: int main() {return 0;}
5: int t() { nodelay(); return 0; }
/* end */

--------------------

have_func: checking for init_color()... -------------------- yes

"gcc -o conftest -I../../.ext/include/x86_64-darwin11.3.0 -I../.././include -I../.././ext/curses -I'/Users/tim/.rbenv/versions/1.9.3-probes/include'  -D_XOPEN_SOURCE -D_DARWIN_C_SOURCE  -I'/Users/tim/.rbenv/versions/1.9.3-probes/include'   -O3 -ggdb -Wextra -Wno-unused-parameter -Wno-parentheses -Wno-long-long -Wno-missing-field-initializers -Wpointer-arith -Wwrite-strings -Wdeclaration-after-statement -Wshorten-64-to-32 -Wimplicit-function-declaration  -pipe conftest.c  -L. -L../.. -L. -L'/Users/tim/.rbenv/versions/1.9.3-probes/lib'  -L/usr/local/lib    -lncurses -ltermcap  -lruby-static -lncurses -ltermcap  -lpthread -ldl -lobjc "
conftest.c: In function ‘t’:
conftest.c:5: error: ‘init_color’ undeclared (first use in this function)
conftest.c:5: error: (Each undeclared identifier is reported only once
conftest.c:5: error: for each function it appears in.)
checked program was:
/* begin */
1: #include "ruby.h"
2: 
3: /*top*/
4: int main() {return 0;}
5: int t() { void ((*volatile p)()); p = (void ((*)()))init_color; return 0; }
/* end */

"gcc -o conftest -I../../.ext/include/x86_64-darwin11.3.0 -I../.././include -I../.././ext/curses -I'/Users/tim/.rbenv/versions/1.9.3-probes/include'  -D_XOPEN_SOURCE -D_DARWIN_C_SOURCE  -I'/Users/tim/.rbenv/versions/1.9.3-probes/include'   -O3 -ggdb -Wextra -Wno-unused-parameter -Wno-parentheses -Wno-long-long -Wno-missing-field-initializers -Wpointer-arith -Wwrite-strings -Wdeclaration-after-statement -Wshorten-64-to-32 -Wimplicit-function-declaration  -pipe conftest.c  -L. -L../.. -L. -L'/Users/tim/.rbenv/versions/1.9.3-probes/lib'  -L/usr/local/lib    -lncurses -ltermcap  -lruby-static -lncurses -ltermcap  -lpthread -ldl -lobjc "
conftest.c: In function ‘t’:
conftest.c:5: warning: implicit declaration of function ‘init_color’
checked program was:
/* begin */
1: #include "ruby.h"
2: 
3: /*top*/
4: int main() {return 0;}
5: int t() { init_color(); return 0; }
/* end */

--------------------

have_func: checking for wcolor_set()... -------------------- yes

"gcc -o conftest -I../../.ext/include/x86_64-darwin11.3.0 -I../.././include -I../.././ext/curses -I'/Users/tim/.rbenv/versions/1.9.3-probes/include'  -D_XOPEN_SOURCE -D_DARWIN_C_SOURCE  -I'/Users/tim/.rbenv/versions/1.9.3-probes/include'   -O3 -ggdb -Wextra -Wno-unused-parameter -Wno-parentheses -Wno-long-long -Wno-missing-field-initializers -Wpointer-arith -Wwrite-strings -Wdeclaration-after-statement -Wshorten-64-to-32 -Wimplicit-function-declaration  -pipe conftest.c  -L. -L../.. -L. -L'/Users/tim/.rbenv/versions/1.9.3-probes/lib'  -L/usr/local/lib    -lncurses -ltermcap  -lruby-static -lncurses -ltermcap  -lpthread -ldl -lobjc "
conftest.c: In function ‘t’:
conftest.c:5: error: ‘wcolor_set’ undeclared (first use in this function)
conftest.c:5: error: (Each undeclared identifier is reported only once
conftest.c:5: error: for each function it appears in.)
checked program was:
/* begin */
1: #include "ruby.h"
2: 
3: /*top*/
4: int main() {return 0;}
5: int t() { void ((*volatile p)()); p = (void ((*)()))wcolor_set; return 0; }
/* end */

"gcc -o conftest -I../../.ext/include/x86_64-darwin11.3.0 -I../.././include -I../.././ext/curses -I'/Users/tim/.rbenv/versions/1.9.3-probes/include'  -D_XOPEN_SOURCE -D_DARWIN_C_SOURCE  -I'/Users/tim/.rbenv/versions/1.9.3-probes/include'   -O3 -ggdb -Wextra -Wno-unused-parameter -Wno-parentheses -Wno-long-long -Wno-missing-field-initializers -Wpointer-arith -Wwrite-strings -Wdeclaration-after-statement -Wshorten-64-to-32 -Wimplicit-function-declaration  -pipe conftest.c  -L. -L../.. -L. -L'/Users/tim/.rbenv/versions/1.9.3-probes/lib'  -L/usr/local/lib    -lncurses -ltermcap  -lruby-static -lncurses -ltermcap  -lpthread -ldl -lobjc "
conftest.c: In function ‘t’:
conftest.c:5: warning: implicit declaration of function ‘wcolor_set’
checked program was:
/* begin */
1: #include "ruby.h"
2: 
3: /*top*/
4: int main() {return 0;}
5: int t() { wcolor_set(); return 0; }
/* end */

--------------------

have_func: checking for use_default_colors()... -------------------- yes

"gcc -o conftest -I../../.ext/include/x86_64-darwin11.3.0 -I../.././include -I../.././ext/curses -I'/Users/tim/.rbenv/versions/1.9.3-probes/include'  -D_XOPEN_SOURCE -D_DARWIN_C_SOURCE  -I'/Users/tim/.rbenv/versions/1.9.3-probes/include'   -O3 -ggdb -Wextra -Wno-unused-parameter -Wno-parentheses -Wno-long-long -Wno-missing-field-initializers -Wpointer-arith -Wwrite-strings -Wdeclaration-after-statement -Wshorten-64-to-32 -Wimplicit-function-declaration  -pipe conftest.c  -L. -L../.. -L. -L'/Users/tim/.rbenv/versions/1.9.3-probes/lib'  -L/usr/local/lib    -lncurses -ltermcap  -lruby-static -lncurses -ltermcap  -lpthread -ldl -lobjc "
conftest.c: In function ‘t’:
conftest.c:5: error: ‘use_default_colors’ undeclared (first use in this function)
conftest.c:5: error: (Each undeclared identifier is reported only once
conftest.c:5: error: for each function it appears in.)
checked program was:
/* begin */
1: #include "ruby.h"
2: 
3: /*top*/
4: int main() {return 0;}
5: int t() { void ((*volatile p)()); p = (void ((*)()))use_default_colors; return 0; }
/* end */

"gcc -o conftest -I../../.ext/include/x86_64-darwin11.3.0 -I../.././include -I../.././ext/curses -I'/Users/tim/.rbenv/versions/1.9.3-probes/include'  -D_XOPEN_SOURCE -D_DARWIN_C_SOURCE  -I'/Users/tim/.rbenv/versions/1.9.3-probes/include'   -O3 -ggdb -Wextra -Wno-unused-parameter -Wno-parentheses -Wno-long-long -Wno-missing-field-initializers -Wpointer-arith -Wwrite-strings -Wdeclaration-after-statement -Wshorten-64-to-32 -Wimplicit-function-declaration  -pipe conftest.c  -L. -L../.. -L. -L'/Users/tim/.rbenv/versions/1.9.3-probes/lib'  -L/usr/local/lib    -lncurses -ltermcap  -lruby-static -lncurses -ltermcap  -lpthread -ldl -lobjc "
conftest.c: In function ‘t’:
conftest.c:5: warning: implicit declaration of function ‘use_default_colors’
checked program was:
/* begin */
1: #include "ruby.h"
2: 
3: /*top*/
4: int main() {return 0;}
5: int t() { use_default_colors(); return 0; }
/* end */

--------------------

"gcc -I../../.ext/include/x86_64-darwin11.3.0 -I../.././include -I../.././ext/curses -I'/Users/tim/.rbenv/versions/1.9.3-probes/include'  -D_XOPEN_SOURCE -D_DARWIN_C_SOURCE  -I'/Users/tim/.rbenv/versions/1.9.3-probes/include'   -O3 -ggdb -Wextra -Wno-unused-parameter -Wno-parentheses -Wno-long-long -Wno-missing-field-initializers -Wpointer-arith -Wwrite-strings -Wdeclaration-after-statement -Wshorten-64-to-32 -Wimplicit-function-declaration  -pipe  -D_XOPEN_SOURCE_EXTENDED -c conftest.c"
checked program was:
/* begin */
1: #include "ruby.h"
2: 
3: #include <stdio.h>
4: #include <stdlib.h>
5: #include <ncurses.h>
6: 
7: /*top*/
8: int conftest_const[(sizeof(char*)>sizeof(int)) ? 1 : -1];
/* end */

have_var: checking for ESCDELAY in ncurses.h... -------------------- yes

"gcc -I../../.ext/include/x86_64-darwin11.3.0 -I../.././include -I../.././ext/curses -I'/Users/tim/.rbenv/versions/1.9.3-probes/include'  -D_XOPEN_SOURCE -D_DARWIN_C_SOURCE  -I'/Users/tim/.rbenv/versions/1.9.3-probes/include'   -O3 -ggdb -Wextra -Wno-unused-parameter -Wno-parentheses -Wno-long-long -Wno-missing-field-initializers -Wpointer-arith -Wwrite-strings -Wdeclaration-after-statement -Wshorten-64-to-32 -Wimplicit-function-declaration  -pipe   -c conftest.c"
checked program was:
/* begin */
1: #include "ruby.h"
2: 
3: #include <ncurses.h>
4: 
5: /*top*/
6: int main() {return 0;}
7: int t() { const volatile void *volatile p; p = &(&ESCDELAY)[0]; return 0; }
/* end */

--------------------

have_var: checking for TABSIZE in ncurses.h... -------------------- yes

"gcc -I../../.ext/include/x86_64-darwin11.3.0 -I../.././include -I../.././ext/curses -I'/Users/tim/.rbenv/versions/1.9.3-probes/include'  -D_XOPEN_SOURCE -D_DARWIN_C_SOURCE  -I'/Users/tim/.rbenv/versions/1.9.3-probes/include'   -O3 -ggdb -Wextra -Wno-unused-parameter -Wno-parentheses -Wno-long-long -Wno-missing-field-initializers -Wpointer-arith -Wwrite-strings -Wdeclaration-after-statement -Wshorten-64-to-32 -Wimplicit-function-declaration  -pipe   -c conftest.c"
checked program was:
/* begin */
1: #include "ruby.h"
2: 
3: #include <ncurses.h>
4: 
5: /*top*/
6: int main() {return 0;}
7: int t() { const volatile void *volatile p; p = &(&TABSIZE)[0]; return 0; }
/* end */

--------------------

have_var: checking for COLORS in ncurses.h... -------------------- yes

"gcc -I../../.ext/include/x86_64-darwin11.3.0 -I../.././include -I../.././ext/curses -I'/Users/tim/.rbenv/versions/1.9.3-probes/include'  -D_XOPEN_SOURCE -D_DARWIN_C_SOURCE  -I'/Users/tim/.rbenv/versions/1.9.3-probes/include'   -O3 -ggdb -Wextra -Wno-unused-parameter -Wno-parentheses -Wno-long-long -Wno-missing-field-initializers -Wpointer-arith -Wwrite-strings -Wdeclaration-after-statement -Wshorten-64-to-32 -Wimplicit-function-declaration  -pipe   -c conftest.c"
checked program was:
/* begin */
1: #include "ruby.h"
2: 
3: #include <ncurses.h>
4: 
5: /*top*/
6: int main() {return 0;}
7: int t() { const volatile void *volatile p; p = &(&COLORS)[0]; return 0; }
/* end */

--------------------

have_var: checking for COLOR_PAIRS in ncurses.h... -------------------- yes

"gcc -I../../.ext/include/x86_64-darwin11.3.0 -I../.././include -I../.././ext/curses -I'/Users/tim/.rbenv/versions/1.9.3-probes/include'  -D_XOPEN_SOURCE -D_DARWIN_C_SOURCE  -I'/Users/tim/.rbenv/versions/1.9.3-probes/include'   -O3 -ggdb -Wextra -Wno-unused-parameter -Wno-parentheses -Wno-long-long -Wno-missing-field-initializers -Wpointer-arith -Wwrite-strings -Wdeclaration-after-statement -Wshorten-64-to-32 -Wimplicit-function-declaration  -pipe   -c conftest.c"
checked program was:
/* begin */
1: #include "ruby.h"
2: 
3: #include <ncurses.h>
4: 
5: /*top*/
6: int main() {return 0;}
7: int t() { const volatile void *volatile p; p = &(&COLOR_PAIRS)[0]; return 0; }
/* end */

--------------------

extconf.h is:
/* begin */
 1: #ifndef EXTCONF_H
 2: #define EXTCONF_H
 3: #define HAVE_NCURSES_H 1
 4: #define HAVE_BEEP 1
 5: #define HAVE_BKGD 1
 6: #define HAVE_BKGDSET 1
 7: #define HAVE_CURS_SET 1
 8: #define HAVE_DELETELN 1
 9: #define HAVE_DOUPDATE 1
10: #define HAVE_FLASH 1
11: #define HAVE_GETBKGD 1
12: #define HAVE_GETNSTR 1
13: #define HAVE_ISENDWIN 1
14: #define HAVE_KEYNAME 1
15: #define HAVE_KEYPAD 1
16: #define HAVE_RESIZETERM 1
17: #define HAVE_SCRL 1
18: #define HAVE_SETSCRREG 1
19: #define HAVE_UNGETCH 1
20: #define HAVE_WATTROFF 1
21: #define HAVE_WATTRON 1
22: #define HAVE_WATTRSET 1
23: #define HAVE_WBKGD 1
24: #define HAVE_WBKGDSET 1
25: #define HAVE_WDELETELN 1
26: #define HAVE_WGETNSTR 1
27: #define HAVE_WRESIZE 1
28: #define HAVE_WSCRL 1
29: #define HAVE_WSETSCRREG 1
30: #define HAVE_DEF_PROG_MODE 1
31: #define HAVE_RESET_PROG_MODE 1
32: #define HAVE_TIMEOUT 1
33: #define HAVE_WTIMEOUT 1
34: #define HAVE_NODELAY 1
35: #define HAVE_INIT_COLOR 1
36: #define HAVE_WCOLOR_SET 1
37: #define HAVE_USE_DEFAULT_COLORS 1
38: #define _XOPEN_SOURCE_EXTENDED 1
39: #define HAVE_ESCDELAY 1
40: #define HAVE_TABSIZE 1
41: #define HAVE_COLORS 1
42: #define HAVE_COLOR_PAIRS 1
43: #endif
/* end */

