have_func: checking for ruby_add_suffix() in ruby/util.h... -------------------- no

"gcc -o conftest -I../../../.ext/include/x86_64-darwin11.3.0 -I../../.././include -I../../.././ext/-test-/add_suffix -I'/Users/tim/.rbenv/versions/1.9.3-probes/include'  -D_XOPEN_SOURCE -D_DARWIN_C_SOURCE  -I'/Users/tim/.rbenv/versions/1.9.3-probes/include'   -O3 -ggdb -Wextra -Wno-unused-parameter -Wno-parentheses -Wno-long-long -Wno-missing-field-initializers -Wpointer-arith -Wwrite-strings -Wdeclaration-after-statement -Wshorten-64-to-32 -Wimplicit-function-declaration  -pipe conftest.c  -L. -L../../.. -L. -L'/Users/tim/.rbenv/versions/1.9.3-probes/lib'  -L/usr/local/lib     -lruby-static  -lpthread -ldl -lobjc "
checked program was:
/* begin */
1: #include "ruby.h"
2: 
3: int main() {return 0;}
/* end */

"gcc -o conftest -I../../../.ext/include/x86_64-darwin11.3.0 -I../../.././include -I../../.././ext/-test-/add_suffix -I'/Users/tim/.rbenv/versions/1.9.3-probes/include'  -D_XOPEN_SOURCE -D_DARWIN_C_SOURCE  -I'/Users/tim/.rbenv/versions/1.9.3-probes/include'   -O3 -ggdb -Wextra -Wno-unused-parameter -Wno-parentheses -Wno-long-long -Wno-missing-field-initializers -Wpointer-arith -Wwrite-strings -Wdeclaration-after-statement -Wshorten-64-to-32 -Wimplicit-function-declaration  -pipe conftest.c  -L. -L../../.. -L. -L'/Users/tim/.rbenv/versions/1.9.3-probes/lib'  -L/usr/local/lib     -lruby-static  -lpthread -ldl -lobjc "
conftest.c: In function ‘t’:
conftest.c:7: error: ‘ruby_add_suffix’ undeclared (first use in this function)
conftest.c:7: error: (Each undeclared identifier is reported only once
conftest.c:7: error: for each function it appears in.)
checked program was:
/* begin */
1: #include "ruby.h"
2: 
3: #include <ruby/util.h>
4: 
5: /*top*/
6: int main() {return 0;}
7: int t() { void ((*volatile p)()); p = (void ((*)()))ruby_add_suffix; return 0; }
/* end */

"gcc -o conftest -I../../../.ext/include/x86_64-darwin11.3.0 -I../../.././include -I../../.././ext/-test-/add_suffix -I'/Users/tim/.rbenv/versions/1.9.3-probes/include'  -D_XOPEN_SOURCE -D_DARWIN_C_SOURCE  -I'/Users/tim/.rbenv/versions/1.9.3-probes/include'   -O3 -ggdb -Wextra -Wno-unused-parameter -Wno-parentheses -Wno-long-long -Wno-missing-field-initializers -Wpointer-arith -Wwrite-strings -Wdeclaration-after-statement -Wshorten-64-to-32 -Wimplicit-function-declaration  -pipe conftest.c  -L. -L../../.. -L. -L'/Users/tim/.rbenv/versions/1.9.3-probes/lib'  -L/usr/local/lib     -lruby-static  -lpthread -ldl -lobjc "
conftest.c: In function ‘t’:
conftest.c:7: warning: implicit declaration of function ‘ruby_add_suffix’
Undefined symbols for architecture x86_64:
  "_ruby_add_suffix", referenced from:
      _t in ccY01uWt.o
ld: symbol(s) not found for architecture x86_64
collect2: ld returned 1 exit status
checked program was:
/* begin */
1: #include "ruby.h"
2: 
3: #include <ruby/util.h>
4: 
5: /*top*/
6: int main() {return 0;}
7: int t() { ruby_add_suffix(); return 0; }
/* end */

--------------------

extconf.h is:
/* begin */
1: #ifndef EXTCONF_H
2: #define EXTCONF_H
3: #endif
/* end */

